VirtualBox VM 5.2.0 r118431 win.amd64 (Oct 18 2017 06:24:56) release log
00:00:02.924800 Log opened 2019-01-30T11:00:17.838931200Z
00:00:02.924802 Build Type: release
00:00:02.924805 OS Product: Windows 10
00:00:02.924806 OS Release: 10.0.17134
00:00:02.924806 OS Service Pack: 
00:00:02.976399 DMI Product Name: Alienware 15 R2
00:00:02.981737 DMI Product Version: 1.1.5
00:00:02.981750 Host RAM: 16283MB (15.9GB) total, 12057MB (11.7GB) available
00:00:02.981753 Executable: D:\Program Files\Oracle\VirtualBox\VirtualBox.exe
00:00:02.981754 Process ID: 7576
00:00:02.981754 Package type: WINDOWS_64BITS_GENERIC
00:00:02.982982 Installed Extension Packs:
00:00:02.983026   Oracle VM VirtualBox Extension Pack (Version: 5.2.20 r125813; VRDE Module: VBoxVRDP)
00:00:02.984093 Console: Machine state changed to 'Starting'
00:00:02.984367 Qt version: 5.6.2
00:00:02.987244 GUI: UIMediumEnumerator: Medium-enumeration finished!
00:00:03.241559 SUP: Loaded VMMR0.r0 (D:\Program Files\Oracle\VirtualBox\VMMR0.r0) at 0xXXXXXXXXXXXXXXXX - ModuleInit at XXXXXXXXXXXXXXXX and ModuleTerm at XXXXXXXXXXXXXXXX using the native ring-0 loader
00:00:03.241578 SUP: VMMR0EntryEx located at XXXXXXXXXXXXXXXX and VMMR0EntryFast at XXXXXXXXXXXXXXXX
00:00:03.241583 SUP: windbg> .reload /f D:\Program Files\Oracle\VirtualBox\VMMR0.r0=0xXXXXXXXXXXXXXXXX
00:00:03.243845 Guest OS type: 'Ubuntu_64'
00:00:03.245015 fHMForced=true - Lots of RAM
00:00:03.245038 fHMForced=true - 64-bit guest
00:00:03.250627 File system of 'C:\Users\Admin\VirtualBox VMs\Ldap2Server\Snapshots' (snapshots) is unknown
00:00:03.250643 File system of 'D:\Users\kwnstantinos\VirtualBox VMs\Ldap2Server.vdi' is ntfs
00:00:03.683258 Shared clipboard service loaded
00:00:03.683279 Shared clipboard mode: Off
00:00:03.701786 Drag and drop service loaded
00:00:03.701800 Drag and drop mode: Off
00:00:03.735098 Guest Control service loaded
00:00:03.758798 ************************* CFGM dump *************************
00:00:03.758801 [/] (level 0)
00:00:03.758805   CSAMEnabled       <integer> = 0x0000000000000001 (1)
00:00:03.758807   CpuExecutionCap   <integer> = 0x0000000000000064 (100)
00:00:03.758809   EnablePAE         <integer> = 0x0000000000000000 (0)
00:00:03.758811   HMEnabled         <integer> = 0x0000000000000001 (1)
00:00:03.758813   MemBalloonSize    <integer> = 0x0000000000000000 (0)
00:00:03.758815   Name              <string>  = "Ldap2Server" (cb=12)
00:00:03.758817   NumCPUs           <integer> = 0x0000000000000001 (1)
00:00:03.758819   PATMEnabled       <integer> = 0x0000000000000001 (1)
00:00:03.758821   PageFusionAllowed <integer> = 0x0000000000000000 (0)
00:00:03.758823   RamHoleSize       <integer> = 0x0000000020000000 (536 870 912, 512 MB)
00:00:03.758826   RamSize           <integer> = 0x0000000100000000 (4 294 967 296, 4 096 MB, 4.0 GB)
00:00:03.758830   RawR0Enabled      <integer> = 0x0000000000000001 (1)
00:00:03.758832   RawR3Enabled      <integer> = 0x0000000000000001 (1)
00:00:03.758833   TimerMillies      <integer> = 0x000000000000000a (10)
00:00:03.758835   UUID              <bytes>   = "ce 34 f9 d4 38 d6 39 40 a3 b8 d0 37 6d ec 02 8d" (cb=16)
00:00:03.758866 
00:00:03.758866 [/CPUM/] (level 1)
00:00:03.758869   GuestCpuName       <string>  = "host" (cb=5)
00:00:03.758871   PortableCpuIdLevel <integer> = 0x0000000000000000 (0)
00:00:03.758873 
00:00:03.758873 [/DBGC/] (level 1)
00:00:03.758875   GlobalInitScript <string>  = "C:\Users\Admin\.VirtualBox/dbgc-init" (cb=37)
00:00:03.758879   HistoryFile      <string>  = "C:\Users\Admin\.VirtualBox/dbgc-history" (cb=40)
00:00:03.758881   LocalInitScript  <string>  = "C:\Users\Admin\VirtualBox VMs\Ldap2Server/dbgc-init" (cb=52)
00:00:03.758883 
00:00:03.758883 [/DBGF/] (level 1)
00:00:03.758884   Path <string>  = "C:\Users\Admin\VirtualBox VMs\Ldap2Server/debug/;C:\Users\Admin\VirtualBox VMs\Ldap2Server/;C:\Users\Admin\" (cb=108)
00:00:03.758885 
00:00:03.758885 [/Devices/] (level 1)
00:00:03.758886 
00:00:03.758886 [/Devices/8237A/] (level 2)
00:00:03.758887 
00:00:03.758887 [/Devices/8237A/0/] (level 3)
00:00:03.758889   Trusted <integer> = 0x0000000000000001 (1)
00:00:03.758889 
00:00:03.758890 [/Devices/GIMDev/] (level 2)
00:00:03.758891 
00:00:03.758891 [/Devices/GIMDev/0/] (level 3)
00:00:03.758892   Trusted <integer> = 0x0000000000000001 (1)
00:00:03.758892 
00:00:03.758893 [/Devices/VMMDev/] (level 2)
00:00:03.758893 
00:00:03.758894 [/Devices/VMMDev/0/] (level 3)
00:00:03.758895   PCIBusNo      <integer> = 0x0000000000000000 (0)
00:00:03.758896   PCIDeviceNo   <integer> = 0x0000000000000004 (4)
00:00:03.758896   PCIFunctionNo <integer> = 0x0000000000000000 (0)
00:00:03.758897   Trusted       <integer> = 0x0000000000000001 (1)
00:00:03.758898 
00:00:03.758898 [/Devices/VMMDev/0/Config/] (level 4)
00:00:03.758899   GuestCoreDumpDir <string>  = "C:\Users\Admin\VirtualBox VMs\Ldap2Server\Snapshots" (cb=52)
00:00:03.758900 
00:00:03.758900 [/Devices/VMMDev/0/LUN#0/] (level 4)
00:00:03.758901   Driver <string>  = "HGCM" (cb=5)
00:00:03.758902 
00:00:03.758902 [/Devices/VMMDev/0/LUN#0/Config/] (level 5)
00:00:03.758903   Object <integer> = 0x0000000004442540 (71 574 848)
00:00:03.758905 
00:00:03.758905 [/Devices/VMMDev/0/LUN#999/] (level 4)
00:00:03.758906   Driver <string>  = "MainStatus" (cb=11)
00:00:03.758907 
00:00:03.758907 [/Devices/VMMDev/0/LUN#999/Config/] (level 5)
00:00:03.758908   First   <integer> = 0x0000000000000000 (0)
00:00:03.758909   Last    <integer> = 0x0000000000000000 (0)
00:00:03.758909   papLeds <integer> = 0x000000000426d218 (69 653 016)
00:00:03.758910 
00:00:03.758911 [/Devices/acpi/] (level 2)
00:00:03.758912 
00:00:03.758912 [/Devices/acpi/0/] (level 3)
00:00:03.758913   PCIBusNo      <integer> = 0x0000000000000000 (0)
00:00:03.758914   PCIDeviceNo   <integer> = 0x0000000000000007 (7)
00:00:03.758915   PCIFunctionNo <integer> = 0x0000000000000000 (0)
00:00:03.758915   Trusted       <integer> = 0x0000000000000001 (1)
00:00:03.758916 
00:00:03.758916 [/Devices/acpi/0/Config/] (level 4)
00:00:03.758918   CpuHotPlug          <integer> = 0x0000000000000000 (0)
00:00:03.758918   FdcEnabled          <integer> = 0x0000000000000000 (0)
00:00:03.758919   HostBusPciAddress   <integer> = 0x0000000000000000 (0)
00:00:03.758920   HpetEnabled         <integer> = 0x0000000000000000 (0)
00:00:03.758920   IOAPIC              <integer> = 0x0000000000000001 (1)
00:00:03.758921   IocPciAddress       <integer> = 0x0000000000010000 (65 536)
00:00:03.758922   NumCPUs             <integer> = 0x0000000000000001 (1)
00:00:03.758923   Parallel0IoPortBase <integer> = 0x0000000000000000 (0)
00:00:03.758924   Parallel0Irq        <integer> = 0x0000000000000000 (0)
00:00:03.758924   Parallel1IoPortBase <integer> = 0x0000000000000000 (0)
00:00:03.758925   Parallel1Irq        <integer> = 0x0000000000000000 (0)
00:00:03.758926   Serial0IoPortBase   <integer> = 0x0000000000000000 (0)
00:00:03.758926   Serial0Irq          <integer> = 0x0000000000000000 (0)
00:00:03.758927   Serial1IoPortBase   <integer> = 0x0000000000000000 (0)
00:00:03.758928   Serial1Irq          <integer> = 0x0000000000000000 (0)
00:00:03.758928   ShowCpu             <integer> = 0x0000000000000001 (1)
00:00:03.758929   ShowRtc             <integer> = 0x0000000000000000 (0)
00:00:03.758930   SmcEnabled          <integer> = 0x0000000000000000 (0)
00:00:03.758931 
00:00:03.758931 [/Devices/acpi/0/LUN#0/] (level 4)
00:00:03.758932   Driver <string>  = "ACPIHost" (cb=9)
00:00:03.758932 
00:00:03.758933 [/Devices/acpi/0/LUN#0/Config/] (level 5)
00:00:03.758934 
00:00:03.758934 [/Devices/ahci/] (level 2)
00:00:03.758935 
00:00:03.758935 [/Devices/ahci/0/] (level 3)
00:00:03.758936   PCIBusNo      <integer> = 0x0000000000000000 (0)
00:00:03.758937   PCIDeviceNo   <integer> = 0x000000000000000d (13)
00:00:03.758937   PCIFunctionNo <integer> = 0x0000000000000000 (0)
00:00:03.758938   Trusted       <integer> = 0x0000000000000001 (1)
00:00:03.758939 
00:00:03.758939 [/Devices/ahci/0/Config/] (level 4)
00:00:03.758940   Bootable  <integer> = 0x0000000000000001 (1)
00:00:03.758941   PortCount <integer> = 0x0000000000000001 (1)
00:00:03.758941 
00:00:03.758941 [/Devices/ahci/0/Config/Port0/] (level 5)
00:00:03.758942   Hotpluggable <integer> = 0x0000000000000000 (0)
00:00:03.758943 
00:00:03.758943 [/Devices/ahci/0/LUN#0/] (level 4)
00:00:03.758944   Driver <string>  = "VD" (cb=3)
00:00:03.758945 
00:00:03.758945 [/Devices/ahci/0/LUN#0/Config/] (level 5)
00:00:03.758947   BlockCache <integer> = 0x0000000000000001 (1)
00:00:03.758949   Format     <string>  = "VDI" (cb=4)
00:00:03.758950   Mountable  <integer> = 0x0000000000000000 (0)
00:00:03.758951   Path       <string>  = "D:\Users\kwnstantinos\VirtualBox VMs\Ldap2Server.vdi" (cb=53)
00:00:03.758953   Type       <string>  = "HardDisk" (cb=9)
00:00:03.758954   UseNewIo   <integer> = 0x0000000000000001 (1)
00:00:03.758955 
00:00:03.758956 [/Devices/ahci/0/LUN#0/Config/Plugins/] (level 6)
00:00:03.758958 
00:00:03.758958 [/Devices/ahci/0/LUN#0/Config/Plugins/VDPluginCrypt/] (level 7)
00:00:03.758961   Path <string>  = "D:\Program Files\Oracle\VirtualBox\ExtensionPacks\Oracle_VM_VirtualBox_Extension_Pack\win.amd64\VDPluginCrypt.DLL" (cb=114)
00:00:03.758962 
00:00:03.758962 [/Devices/ahci/0/LUN#999/] (level 4)
00:00:03.758964   Driver <string>  = "MainStatus" (cb=11)
00:00:03.758965 
00:00:03.758965 [/Devices/ahci/0/LUN#999/Config/] (level 5)
00:00:03.758967   DeviceInstance        <string>  = "ahci/0" (cb=7)
00:00:03.758969   First                 <integer> = 0x0000000000000000 (0)
00:00:03.758971   Last                  <integer> = 0x0000000000000000 (0)
00:00:03.758972   pConsole              <integer> = 0x000000000426ca10 (69 650 960)
00:00:03.758973   papLeds               <integer> = 0x000000000426ce18 (69 651 992)
00:00:03.758974   pmapMediumAttachments <integer> = 0x000000000426d238 (69 653 048)
00:00:03.758975 
00:00:03.758975 [/Devices/apic/] (level 2)
00:00:03.758976 
00:00:03.758977 [/Devices/apic/0/] (level 3)
00:00:03.758977   Trusted <integer> = 0x0000000000000001 (1)
00:00:03.758978 
00:00:03.758978 [/Devices/apic/0/Config/] (level 4)
00:00:03.758980   IOAPIC  <integer> = 0x0000000000000001 (1)
00:00:03.758980   Mode    <integer> = 0x0000000000000003 (3)
00:00:03.758981   NumCPUs <integer> = 0x0000000000000001 (1)
00:00:03.758982 
00:00:03.758982 [/Devices/e1000/] (level 2)
00:00:03.758983 
00:00:03.758983 [/Devices/e1000/0/] (level 3)
00:00:03.758984   PCIBusNo      <integer> = 0x0000000000000000 (0)
00:00:03.758984   PCIDeviceNo   <integer> = 0x0000000000000003 (3)
00:00:03.758985   PCIFunctionNo <integer> = 0x0000000000000000 (0)
00:00:03.758986   Trusted       <integer> = 0x0000000000000001 (1)
00:00:03.758986 
00:00:03.758987 [/Devices/e1000/0/Config/] (level 4)
00:00:03.758988   AdapterType    <integer> = 0x0000000000000000 (0)
00:00:03.758988   CableConnected <integer> = 0x0000000000000001 (1)
00:00:03.758989   LineSpeed      <integer> = 0x0000000000000000 (0)
00:00:03.758990   MAC            <bytes>   = "08 00 27 14 6e a3" (cb=6)
00:00:03.758991 
00:00:03.758991 [/Devices/e1000/0/LUN#0/] (level 4)
00:00:03.758993   Driver <string>  = "IntNet" (cb=7)
00:00:03.758993 
00:00:03.758993 [/Devices/e1000/0/LUN#0/Config/] (level 5)
00:00:03.758995   IfPolicyPromisc      <string>  = "allow-all" (cb=10)
00:00:03.758995   IgnoreConnectFailure <integer> = 0x0000000000000000 (0)
00:00:03.758996   Network              <string>  = "HostInterfaceNetworking-VirtualBox Host-Only Ethernet Adapter #5" (cb=65)
00:00:03.758997   Trunk                <string>  = "VirtualBox Host-Only Ethernet Adapter #5" (cb=41)
00:00:03.758998   TrunkType            <integer> = 0x0000000000000004 (4)
00:00:03.758999 
00:00:03.758999 [/Devices/e1000/0/LUN#999/] (level 4)
00:00:03.759000   Driver <string>  = "MainStatus" (cb=11)
00:00:03.759000 
00:00:03.759001 [/Devices/e1000/0/LUN#999/Config/] (level 5)
00:00:03.759002   First   <integer> = 0x0000000000000000 (0)
00:00:03.759002   Last    <integer> = 0x0000000000000000 (0)
00:00:03.759003   papLeds <integer> = 0x000000000426d0f8 (69 652 728)
00:00:03.759004 
00:00:03.759004 [/Devices/e1000/1/] (level 3)
00:00:03.759005   PCIBusNo      <integer> = 0x0000000000000000 (0)
00:00:03.759006   PCIDeviceNo   <integer> = 0x0000000000000008 (8)
00:00:03.759006   PCIFunctionNo <integer> = 0x0000000000000000 (0)
00:00:03.759007   Trusted       <integer> = 0x0000000000000001 (1)
00:00:03.759008 
00:00:03.759008 [/Devices/e1000/1/Config/] (level 4)
00:00:03.759009   AdapterType    <integer> = 0x0000000000000000 (0)
00:00:03.759010   CableConnected <integer> = 0x0000000000000001 (1)
00:00:03.759010   LineSpeed      <integer> = 0x0000000000000000 (0)
00:00:03.759011   MAC            <bytes>   = "08 00 27 52 ef 7b" (cb=6)
00:00:03.759012 
00:00:03.759012 [/Devices/e1000/1/LUN#0/] (level 4)
00:00:03.759013   Driver <string>  = "IntNet" (cb=7)
00:00:03.759014 
00:00:03.759014 [/Devices/e1000/1/LUN#0/Config/] (level 5)
00:00:03.759015   IfPolicyPromisc      <string>  = "deny" (cb=5)
00:00:03.759016   IgnoreConnectFailure <integer> = 0x0000000000000000 (0)
00:00:03.759017   Network              <string>  = "HostInterfaceNetworking-VirtualBox Host-Only Ethernet Adapter #5" (cb=65)
00:00:03.759017   Trunk                <string>  = "VirtualBox Host-Only Ethernet Adapter #5" (cb=41)
00:00:03.759018   TrunkType            <integer> = 0x0000000000000004 (4)
00:00:03.759019 
00:00:03.759019 [/Devices/e1000/1/LUN#999/] (level 4)
00:00:03.759020   Driver <string>  = "MainStatus" (cb=11)
00:00:03.759021 
00:00:03.759021 [/Devices/e1000/1/LUN#999/Config/] (level 5)
00:00:03.759022   First   <integer> = 0x0000000000000000 (0)
00:00:03.759023   Last    <integer> = 0x0000000000000000 (0)
00:00:03.759023   papLeds <integer> = 0x000000000426d100 (69 652 736)
00:00:03.759024 
00:00:03.759025 [/Devices/i8254/] (level 2)
00:00:03.759025 
00:00:03.759026 [/Devices/i8254/0/] (level 3)
00:00:03.759027 
00:00:03.759027 [/Devices/i8254/0/Config/] (level 4)
00:00:03.759028 
00:00:03.759028 [/Devices/i8259/] (level 2)
00:00:03.759029 
00:00:03.759029 [/Devices/i8259/0/] (level 3)
00:00:03.759030   Trusted <integer> = 0x0000000000000001 (1)
00:00:03.759030 
00:00:03.759031 [/Devices/i8259/0/Config/] (level 4)
00:00:03.759032 
00:00:03.759032 [/Devices/ichac97/] (level 2)
00:00:03.759033 
00:00:03.759033 [/Devices/ichac97/0/] (level 3)
00:00:03.759034   PCIBusNo      <integer> = 0x0000000000000000 (0)
00:00:03.759034   PCIDeviceNo   <integer> = 0x0000000000000005 (5)
00:00:03.759035   PCIFunctionNo <integer> = 0x0000000000000000 (0)
00:00:03.759036   Trusted       <integer> = 0x0000000000000001 (1)
00:00:03.759036 
00:00:03.759037 [/Devices/ichac97/0/AudioConfig/] (level 4)
00:00:03.759038 
00:00:03.759038 [/Devices/ichac97/0/Config/] (level 4)
00:00:03.759039   Codec <string>  = "AD1980" (cb=7)
00:00:03.759039 
00:00:03.759040 [/Devices/ichac97/0/LUN#0/] (level 4)
00:00:03.759041   Driver <string>  = "AUDIO" (cb=6)
00:00:03.759041 
00:00:03.759041 [/Devices/ichac97/0/LUN#0/AttachedDriver/] (level 5)
00:00:03.759043   Driver <string>  = "DSoundAudio" (cb=12)
00:00:03.759043 
00:00:03.759043 [/Devices/ichac97/0/LUN#0/AttachedDriver/Config/] (level 6)
00:00:03.759045   StreamName <string>  = "Ldap2Server" (cb=12)
00:00:03.759045 
00:00:03.759046 [/Devices/ichac97/0/LUN#0/Config/] (level 5)
00:00:03.759047   DriverName    <string>  = "DSoundAudio" (cb=12)
00:00:03.759047   InputEnabled  <integer> = 0x0000000000000000 (0)
00:00:03.759048   OutputEnabled <integer> = 0x0000000000000001 (1)
00:00:03.759049 
00:00:03.759049 [/Devices/ichac97/0/LUN#1/] (level 4)
00:00:03.759050   Driver <string>  = "AUDIO" (cb=6)
00:00:03.759050 
00:00:03.759050 [/Devices/ichac97/0/LUN#1/AttachedDriver/] (level 5)
00:00:03.759052   Driver <string>  = "AudioVRDE" (cb=10)
00:00:03.759052 
00:00:03.759053 [/Devices/ichac97/0/LUN#1/AttachedDriver/Config/] (level 6)
00:00:03.759054   Object           <integer> = 0x000000000422c240 (69 386 816)
00:00:03.759055   ObjectVRDPServer <integer> = 0x000000000422fa30 (69 401 136)
00:00:03.759056   StreamName       <string>  = "Ldap2Server" (cb=12)
00:00:03.759056 
00:00:03.759057 [/Devices/ichac97/0/LUN#1/Config/] (level 5)
00:00:03.759058   DriverName    <string>  = "AudioVRDE" (cb=10)
00:00:03.759059   InputEnabled  <integer> = 0x0000000000000000 (0)
00:00:03.759059   OutputEnabled <integer> = 0x0000000000000001 (1)
00:00:03.759060 
00:00:03.759060 [/Devices/ioapic/] (level 2)
00:00:03.759061 
00:00:03.759061 [/Devices/ioapic/0/] (level 3)
00:00:03.759062   Trusted <integer> = 0x0000000000000001 (1)
00:00:03.759063 
00:00:03.759063 [/Devices/ioapic/0/Config/] (level 4)
00:00:03.759064   NumCPUs <integer> = 0x0000000000000001 (1)
00:00:03.759065 
00:00:03.759065 [/Devices/mc146818/] (level 2)
00:00:03.759066 
00:00:03.759066 [/Devices/mc146818/0/] (level 3)
00:00:03.759067 
00:00:03.759067 [/Devices/mc146818/0/Config/] (level 4)
00:00:03.759068   UseUTC <integer> = 0x0000000000000001 (1)
00:00:03.759068 
00:00:03.759069 [/Devices/parallel/] (level 2)
00:00:03.759069 
00:00:03.759070 [/Devices/pcarch/] (level 2)
00:00:03.759070 
00:00:03.759071 [/Devices/pcarch/0/] (level 3)
00:00:03.759071   Trusted <integer> = 0x0000000000000001 (1)
00:00:03.759072 
00:00:03.759072 [/Devices/pcarch/0/Config/] (level 4)
00:00:03.759073 
00:00:03.759073 [/Devices/pcbios/] (level 2)
00:00:03.759074 
00:00:03.759074 [/Devices/pcbios/0/] (level 3)
00:00:03.759075   Trusted <integer> = 0x0000000000000001 (1)
00:00:03.759076 
00:00:03.759076 [/Devices/pcbios/0/Config/] (level 4)
00:00:03.759077   APIC               <integer> = 0x0000000000000001 (1)
00:00:03.759078   BootDevice0        <string>  = "FLOPPY" (cb=7)
00:00:03.759079   BootDevice1        <string>  = "DVD" (cb=4)
00:00:03.759080   BootDevice2        <string>  = "IDE" (cb=4)
00:00:03.759080   BootDevice3        <string>  = "NONE" (cb=5)
00:00:03.759081   FloppyDevice       <string>  = "i82078" (cb=7)
00:00:03.759082   HardDiskDevice     <string>  = "piix3ide" (cb=9)
00:00:03.759083   IOAPIC             <integer> = 0x0000000000000001 (1)
00:00:03.759083   LanBootRom         <string>  = "D:\Program Files\Oracle\VirtualBox\ExtensionPacks\Oracle_VM_VirtualBox_Extension_Pack\PXE-Intel.rom" (cb=100)
00:00:03.759084   McfgBase           <integer> = 0x0000000000000000 (0)
00:00:03.759085   McfgLength         <integer> = 0x0000000000000000 (0)
00:00:03.759086   NumCPUs            <integer> = 0x0000000000000001 (1)
00:00:03.759087   PXEDebug           <integer> = 0x0000000000000000 (0)
00:00:03.759087   SataHardDiskDevice <string>  = "ahci" (cb=5)
00:00:03.759088   SataLUN1           <integer> = 0x0000000000000000 (0)
00:00:03.759089   UUID               <bytes>   = "ce 34 f9 d4 38 d6 39 40 a3 b8 d0 37 6d ec 02 8d" (cb=16)
00:00:03.759090 
00:00:03.759091 [/Devices/pcbios/0/Config/NetBoot/] (level 5)
00:00:03.759092 
00:00:03.759092 [/Devices/pcbios/0/Config/NetBoot/0/] (level 6)
00:00:03.759093   NIC           <integer> = 0x0000000000000000 (0)
00:00:03.759094   PCIBusNo      <integer> = 0x0000000000000000 (0)
00:00:03.759094   PCIDeviceNo   <integer> = 0x0000000000000003 (3)
00:00:03.759095   PCIFunctionNo <integer> = 0x0000000000000000 (0)
00:00:03.759096 
00:00:03.759096 [/Devices/pci/] (level 2)
00:00:03.759097 
00:00:03.759097 [/Devices/pci/0/] (level 3)
00:00:03.759098   Trusted <integer> = 0x0000000000000001 (1)
00:00:03.759098 
00:00:03.759099 [/Devices/pci/0/Config/] (level 4)
00:00:03.759100   IOAPIC <integer> = 0x0000000000000001 (1)
00:00:03.759100 
00:00:03.759101 [/Devices/pckbd/] (level 2)
00:00:03.759101 
00:00:03.759101 [/Devices/pckbd/0/] (level 3)
00:00:03.759102   Trusted <integer> = 0x0000000000000001 (1)
00:00:03.759103 
00:00:03.759103 [/Devices/pckbd/0/Config/] (level 4)
00:00:03.759104 
00:00:03.759104 [/Devices/pckbd/0/LUN#0/] (level 4)
00:00:03.759105   Driver <string>  = "KeyboardQueue" (cb=14)
00:00:03.759106 
00:00:03.759106 [/Devices/pckbd/0/LUN#0/AttachedDriver/] (level 5)
00:00:03.759107   Driver <string>  = "MainKeyboard" (cb=13)
00:00:03.759108 
00:00:03.759108 [/Devices/pckbd/0/LUN#0/AttachedDriver/Config/] (level 6)
00:00:03.759109   Object <integer> = 0x0000000001e9aa90 (32 090 768)
00:00:03.759110 
00:00:03.759110 [/Devices/pckbd/0/LUN#0/Config/] (level 5)
00:00:03.759111   QueueSize <integer> = 0x0000000000000040 (64)
00:00:03.759112 
00:00:03.759112 [/Devices/pckbd/0/LUN#1/] (level 4)
00:00:03.759113   Driver <string>  = "MouseQueue" (cb=11)
00:00:03.759114 
00:00:03.759114 [/Devices/pckbd/0/LUN#1/AttachedDriver/] (level 5)
00:00:03.759115   Driver <string>  = "MainMouse" (cb=10)
00:00:03.759116 
00:00:03.759116 [/Devices/pckbd/0/LUN#1/AttachedDriver/Config/] (level 6)
00:00:03.759117   Object <integer> = 0x0000000001eb9cd0 (32 218 320)
00:00:03.759118 
00:00:03.759118 [/Devices/pckbd/0/LUN#1/Config/] (level 5)
00:00:03.759119   QueueSize <integer> = 0x0000000000000080 (128)
00:00:03.759120 
00:00:03.759121 [/Devices/pcnet/] (level 2)
00:00:03.759121 
00:00:03.759122 [/Devices/piix3ide/] (level 2)
00:00:03.759122 
00:00:03.759122 [/Devices/piix3ide/0/] (level 3)
00:00:03.759124   PCIBusNo      <integer> = 0x0000000000000000 (0)
00:00:03.759124   PCIDeviceNo   <integer> = 0x0000000000000001 (1)
00:00:03.759125   PCIFunctionNo <integer> = 0x0000000000000001 (1)
00:00:03.759125   Trusted       <integer> = 0x0000000000000001 (1)
00:00:03.759126 
00:00:03.759126 [/Devices/piix3ide/0/Config/] (level 4)
00:00:03.759127   Type <string>  = "PIIX4" (cb=6)
00:00:03.759128 
00:00:03.759128 [/Devices/piix3ide/0/LUN#2/] (level 4)
00:00:03.759129   Driver <string>  = "VD" (cb=3)
00:00:03.759130 
00:00:03.759130 [/Devices/piix3ide/0/LUN#2/Config/] (level 5)
00:00:03.759131   EmptyDrive <integer> = 0x0000000000000001 (1)
00:00:03.759132   Mountable  <integer> = 0x0000000000000001 (1)
00:00:03.759132   Type       <string>  = "DVD" (cb=4)
00:00:03.759133 
00:00:03.759133 [/Devices/piix3ide/0/LUN#999/] (level 4)
00:00:03.759134   Driver <string>  = "MainStatus" (cb=11)
00:00:03.759135 
00:00:03.759135 [/Devices/piix3ide/0/LUN#999/Config/] (level 5)
00:00:03.759136   DeviceInstance        <string>  = "piix3ide/0" (cb=11)
00:00:03.759137   First                 <integer> = 0x0000000000000000 (0)
00:00:03.759137   Last                  <integer> = 0x0000000000000003 (3)
00:00:03.759138   pConsole              <integer> = 0x000000000426ca10 (69 650 960)
00:00:03.759139   papLeds               <integer> = 0x000000000426cdf8 (69 651 960)
00:00:03.759140   pmapMediumAttachments <integer> = 0x000000000426d238 (69 653 048)
00:00:03.759141 
00:00:03.759142 [/Devices/serial/] (level 2)
00:00:03.759142 
00:00:03.759143 [/Devices/usb-ehci/] (level 2)
00:00:03.759143 
00:00:03.759144 [/Devices/usb-ehci/0/] (level 3)
00:00:03.759145   PCIBusNo      <integer> = 0x0000000000000000 (0)
00:00:03.759145   PCIDeviceNo   <integer> = 0x000000000000000b (11)
00:00:03.759146   PCIFunctionNo <integer> = 0x0000000000000000 (0)
00:00:03.759146   Trusted       <integer> = 0x0000000000000001 (1)
00:00:03.759147 
00:00:03.759147 [/Devices/usb-ehci/0/Config/] (level 4)
00:00:03.759148 
00:00:03.759149 [/Devices/usb-ehci/0/LUN#0/] (level 4)
00:00:03.759149   Driver <string>  = "VUSBRootHub" (cb=12)
00:00:03.759150 
00:00:03.759150 [/Devices/usb-ehci/0/LUN#0/Config/] (level 5)
00:00:03.759151 
00:00:03.759151 [/Devices/usb-ehci/0/LUN#999/] (level 4)
00:00:03.759152   Driver <string>  = "MainStatus" (cb=11)
00:00:03.759153 
00:00:03.759153 [/Devices/usb-ehci/0/LUN#999/Config/] (level 5)
00:00:03.759154   First   <integer> = 0x0000000000000000 (0)
00:00:03.759155   Last    <integer> = 0x0000000000000000 (0)
00:00:03.759156   papLeds <integer> = 0x000000000426d228 (69 653 032)
00:00:03.759156 
00:00:03.759157 [/Devices/usb-ohci/] (level 2)
00:00:03.759157 
00:00:03.759158 [/Devices/usb-ohci/0/] (level 3)
00:00:03.759159   PCIBusNo      <integer> = 0x0000000000000000 (0)
00:00:03.759159   PCIDeviceNo   <integer> = 0x0000000000000006 (6)
00:00:03.759160   PCIFunctionNo <integer> = 0x0000000000000000 (0)
00:00:03.759161   Trusted       <integer> = 0x0000000000000001 (1)
00:00:03.759161 
00:00:03.759161 [/Devices/usb-ohci/0/Config/] (level 4)
00:00:03.759162 
00:00:03.759163 [/Devices/usb-ohci/0/LUN#0/] (level 4)
00:00:03.759164   Driver <string>  = "VUSBRootHub" (cb=12)
00:00:03.759164 
00:00:03.759164 [/Devices/usb-ohci/0/LUN#0/Config/] (level 5)
00:00:03.759165 
00:00:03.759166 [/Devices/usb-ohci/0/LUN#999/] (level 4)
00:00:03.759167   Driver <string>  = "MainStatus" (cb=11)
00:00:03.759167 
00:00:03.759168 [/Devices/usb-ohci/0/LUN#999/Config/] (level 5)
00:00:03.759169   First   <integer> = 0x0000000000000000 (0)
00:00:03.759169   Last    <integer> = 0x0000000000000000 (0)
00:00:03.759170   papLeds <integer> = 0x000000000426d220 (69 653 024)
00:00:03.759171 
00:00:03.759171 [/Devices/vga/] (level 2)
00:00:03.759172 
00:00:03.759172 [/Devices/vga/0/] (level 3)
00:00:03.759173   PCIBusNo      <integer> = 0x0000000000000000 (0)
00:00:03.759173   PCIDeviceNo   <integer> = 0x0000000000000002 (2)
00:00:03.759174   PCIFunctionNo <integer> = 0x0000000000000000 (0)
00:00:03.759175   Trusted       <integer> = 0x0000000000000001 (1)
00:00:03.759175 
00:00:03.759176 [/Devices/vga/0/Config/] (level 4)
00:00:03.759177   CustomVideoModes <integer> = 0x0000000000000000 (0)
00:00:03.759177   FadeIn           <integer> = 0x0000000000000001 (1)
00:00:03.759178   FadeOut          <integer> = 0x0000000000000001 (1)
00:00:03.759179   HeightReduction  <integer> = 0x0000000000000000 (0)
00:00:03.759179   LogoFile         <string>  = "" (cb=1)
00:00:03.759180   LogoTime         <integer> = 0x0000000000000000 (0)
00:00:03.759181   MonitorCount     <integer> = 0x0000000000000001 (1)
00:00:03.759181   ShowBootMenu     <integer> = 0x0000000000000002 (2)
00:00:03.759182   VRamSize         <integer> = 0x0000000001000000 (16 777 216, 16 MB)
00:00:03.759183 
00:00:03.759184 [/Devices/vga/0/LUN#0/] (level 4)
00:00:03.759185   Driver <string>  = "MainDisplay" (cb=12)
00:00:03.759186 
00:00:03.759186 [/Devices/vga/0/LUN#0/Config/] (level 5)
00:00:03.759187   Object <integer> = 0x00000000042adae0 (69 917 408)
00:00:03.759188 
00:00:03.759188 [/Devices/vga/0/LUN#999/] (level 4)
00:00:03.759189   Driver <string>  = "MainStatus" (cb=11)
00:00:03.759190 
00:00:03.759190 [/Devices/vga/0/LUN#999/Config/] (level 5)
00:00:03.759191   First   <integer> = 0x0000000000000000 (0)
00:00:03.759192   Last    <integer> = 0x0000000000000000 (0)
00:00:03.759192   papLeds <integer> = 0x000000000426d230 (69 653 040)
00:00:03.759193 
00:00:03.759193 [/Devices/virtio-net/] (level 2)
00:00:03.759195 
00:00:03.759195 [/EM/] (level 1)
00:00:03.759196   TripleFaultReset <integer> = 0x0000000000000000 (0)
00:00:03.759197 
00:00:03.759197 [/GIM/] (level 1)
00:00:03.759199   Provider <string>  = "KVM" (cb=4)
00:00:03.759200 
00:00:03.759200 [/HM/] (level 1)
00:00:03.759202   64bitEnabled       <integer> = 0x0000000000000001 (1)
00:00:03.759203   EnableLargePages   <integer> = 0x0000000000000001 (1)
00:00:03.759204   EnableNestedPaging <integer> = 0x0000000000000001 (1)
00:00:03.759204   EnableUX           <integer> = 0x0000000000000001 (1)
00:00:03.759205   EnableVPID         <integer> = 0x0000000000000001 (1)
00:00:03.759206   Exclusive          <integer> = 0x0000000000000000 (0)
00:00:03.759207   HMForced           <integer> = 0x0000000000000001 (1)
00:00:03.759207 
00:00:03.759208 [/MM/] (level 1)
00:00:03.759208   CanUseLargerHeap <integer> = 0x0000000000000000 (0)
00:00:03.759209 
00:00:03.759209 [/PDM/] (level 1)
00:00:03.759210 
00:00:03.759210 [/PDM/AsyncCompletion/] (level 2)
00:00:03.759211 
00:00:03.759211 [/PDM/AsyncCompletion/File/] (level 3)
00:00:03.759212 
00:00:03.759212 [/PDM/AsyncCompletion/File/BwGroups/] (level 4)
00:00:03.759213 
00:00:03.759214 [/PDM/BlkCache/] (level 2)
00:00:03.759214   CacheSize <integer> = 0x0000000000500000 (5 242 880, 5 MB)
00:00:03.759216 
00:00:03.759216 [/PDM/Devices/] (level 2)
00:00:03.759217 
00:00:03.759217 [/PDM/Devices/VBoxEhci/] (level 3)
00:00:03.759218   Path         <string>  = "D:\Program Files\Oracle\VirtualBox\ExtensionPacks\Oracle_VM_VirtualBox_Extension_Pack\win.amd64\VBoxEhciR3.DLL" (cb=111)
00:00:03.759219   R0SearchPath <string>  = "D:\Program Files\Oracle\VirtualBox\ExtensionPacks\Oracle_VM_VirtualBox_Extension_Pack\win.amd64" (cb=96)
00:00:03.759220   RCSearchPath <string>  = "D:\Program Files\Oracle\VirtualBox\ExtensionPacks\Oracle_VM_VirtualBox_Extension_Pack\win.amd64" (cb=96)
00:00:03.759221 
00:00:03.759221 [/PDM/Devices/VBoxNvme/] (level 3)
00:00:03.759222   Path         <string>  = "D:\Program Files\Oracle\VirtualBox\ExtensionPacks\Oracle_VM_VirtualBox_Extension_Pack\win.amd64\VBoxNvmeR3.DLL" (cb=111)
00:00:03.759223   R0SearchPath <string>  = "D:\Program Files\Oracle\VirtualBox\ExtensionPacks\Oracle_VM_VirtualBox_Extension_Pack\win.amd64" (cb=96)
00:00:03.759223   RCSearchPath <string>  = "D:\Program Files\Oracle\VirtualBox\ExtensionPacks\Oracle_VM_VirtualBox_Extension_Pack\win.amd64" (cb=96)
00:00:03.759224 
00:00:03.759224 [/PDM/Drivers/] (level 2)
00:00:03.759225 
00:00:03.759225 [/PDM/Drivers/DrvHostWebcam/] (level 3)
00:00:03.759226   Path <string>  = "D:\Program Files\Oracle\VirtualBox\ExtensionPacks\Oracle_VM_VirtualBox_Extension_Pack\win.amd64\VBoxHostWebcam.DLL" (cb=115)
00:00:03.759227 
00:00:03.759227 [/PDM/Drivers/VBoxC/] (level 3)
00:00:03.759228   Path <string>  = "VBoxC" (cb=6)
00:00:03.759229 
00:00:03.759229 [/PDM/NetworkShaper/] (level 2)
00:00:03.759230 
00:00:03.759230 [/PDM/NetworkShaper/BwGroups/] (level 3)
00:00:03.759231 
00:00:03.759231 [/PDM/USB/] (level 2)
00:00:03.759232 
00:00:03.759232 [/PDM/USB/VBoxUsbCardReader/] (level 3)
00:00:03.759233   Path <string>  = "D:\Program Files\Oracle\VirtualBox\ExtensionPacks\Oracle_VM_VirtualBox_Extension_Pack\win.amd64\VBoxUsbCardReaderR3.DLL" (cb=120)
00:00:03.759234 
00:00:03.759234 [/PDM/USB/VBoxUsbWebcam/] (level 3)
00:00:03.759235   Path <string>  = "D:\Program Files\Oracle\VirtualBox\ExtensionPacks\Oracle_VM_VirtualBox_Extension_Pack\win.amd64\VBoxUsbWebcamR3.DLL" (cb=116)
00:00:03.759236 
00:00:03.759236 [/TM/] (level 1)
00:00:03.759237   UTCOffset <integer> = 0x0000000000000000 (0)
00:00:03.759238 
00:00:03.759238 [/USB/] (level 1)
00:00:03.759238 
00:00:03.759239 [/USB/HidMouse/] (level 2)
00:00:03.759240 
00:00:03.759240 [/USB/HidMouse/0/] (level 3)
00:00:03.759241 
00:00:03.759241 [/USB/HidMouse/0/Config/] (level 4)
00:00:03.759242   Mode <string>  = "absolute" (cb=9)
00:00:03.759243 
00:00:03.759243 [/USB/HidMouse/0/LUN#0/] (level 4)
00:00:03.759244   Driver <string>  = "MouseQueue" (cb=11)
00:00:03.759244 
00:00:03.759245 [/USB/HidMouse/0/LUN#0/AttachedDriver/] (level 5)
00:00:03.759246   Driver <string>  = "MainMouse" (cb=10)
00:00:03.759246 
00:00:03.759247 [/USB/HidMouse/0/LUN#0/AttachedDriver/Config/] (level 6)
00:00:03.759248   Object <integer> = 0x0000000001eb9cd0 (32 218 320)
00:00:03.759249 
00:00:03.759249 [/USB/HidMouse/0/LUN#0/Config/] (level 5)
00:00:03.759250   QueueSize <integer> = 0x0000000000000080 (128)
00:00:03.759251 
00:00:03.759251 [/USB/USBProxy/] (level 2)
00:00:03.759252 
00:00:03.759252 [/USB/USBProxy/GlobalConfig/] (level 3)
00:00:03.759253 
00:00:03.759254 ********************* End of CFGM dump **********************
00:00:03.759259 VM: fHMEnabled=true  (configured) fRecompileUser=false fRecompileSupervisor=false
00:00:03.759264 VM: fRawRing1Enabled=false CSAM=true  PATM=true 
00:00:03.759440 HM: HMR3Init: VT-x w/ nested paging and unrestricted guest execution hw support
00:00:03.759542 MM: cbHyperHeap=0x100000 (1048576)
00:00:03.761938 CPUM: fXStateHostMask=0x7; initial: 0x7; host XCR0=0x1f
00:00:03.763742 CPUM: Matched host CPU INTEL 0x6/0x5e/0x3 Intel_Core7_Skylake with CPU DB entry 'Intel Core i7-6700K' (INTEL 0x6/0x5e/0x3 Intel_Core7_Skylake)
00:00:03.764082 CPUM: MXCSR_MASK=0xffff (host: 0xffff)
00:00:03.764149 CPUM: Microcode revision 0x000000C2
00:00:03.764184 CPUM: Changing leaf 13[0]: EBX=0x440 -> 0x340, ECX=0x440 -> 0x340
00:00:03.766653 PGM: HCPhysInterPD=0000000034f35000 HCPhysInterPaePDPT=0000000034f38000 HCPhysInterPaePML4=0000000034f3a000
00:00:03.766736 PGM: apInterPTs={0000000034f36000,0000000034f37000} apInterPaePTs={0000000403724000,0000000403725000} apInterPaePDs={0000000403726000,0000000403727000,0000000403728000,0000000403729000} pInterPaePDPT64=0000000034f39000
00:00:03.766751 PGM: Host paging mode: AMD64+NX
00:00:03.766835 PGM: PGMPool: cMaxPages=2096 (u64MaxPages=2084)
00:00:03.766843 PGM: pgmR3PoolInit: cMaxPages=0x830 cMaxUsers=0x1060 cMaxPhysExts=0x1060 fCacheEnable=true 
00:00:03.805545 TM: GIP - u32Mode=3 (Invariant) u32UpdateHz=93 u32UpdateIntervalNS=10734900 enmUseTscDelta=2 (Pratically Zero) fGetGipCpu=0xb cCpus=8
00:00:03.805561 TM: GIP - u64CpuHz=2 592 001 007 (0x9a7ecbef)  SUPGetCpuHzFromGip => 2 592 001 007
00:00:03.805568 TM: GIP - CPU: iCpuSet=0x0 idCpu=0x0 idApic=0x0 iGipCpu=0x0 i64TSCDelta=0 enmState=3 u64CpuHz=2592001007(*) cErrors=0
00:00:03.805574 TM: GIP - CPU: iCpuSet=0x1 idCpu=0x1 idApic=0x1 iGipCpu=0x1 i64TSCDelta=0 enmState=3 u64CpuHz=2592026753(*) cErrors=0
00:00:03.805579 TM: GIP - CPU: iCpuSet=0x2 idCpu=0x2 idApic=0x2 iGipCpu=0x3 i64TSCDelta=0 enmState=3 u64CpuHz=2592000128(*) cErrors=0
00:00:03.805583 TM: GIP - CPU: iCpuSet=0x3 idCpu=0x3 idApic=0x3 iGipCpu=0x5 i64TSCDelta=0 enmState=3 u64CpuHz=2592001022(*) cErrors=0
00:00:03.805588 TM: GIP - CPU: iCpuSet=0x4 idCpu=0x4 idApic=0x4 iGipCpu=0x4 i64TSCDelta=0 enmState=3 u64CpuHz=2592001172(*) cErrors=0
00:00:03.805592 TM: GIP - CPU: iCpuSet=0x5 idCpu=0x5 idApic=0x5 iGipCpu=0x2 i64TSCDelta=0 enmState=3 u64CpuHz=2591998546(*) cErrors=0
00:00:03.805597 TM: GIP - CPU: iCpuSet=0x6 idCpu=0x6 idApic=0x6 iGipCpu=0x6 i64TSCDelta=0 enmState=3 u64CpuHz=2592001041(*) cErrors=0
00:00:03.805601 TM: GIP - CPU: iCpuSet=0x7 idCpu=0x7 idApic=0x7 iGipCpu=0x7 i64TSCDelta=0 enmState=3 u64CpuHz=2592001001(*) cErrors=0
00:00:03.805703 TM: cTSCTicksPerSecond=2 592 001 007 (0x9a7ecbef) enmTSCMode=3 (Dynamic)
00:00:03.805705 TM: TSCTiedToExecution=false TSCNotTiedToHalt=false
00:00:03.806540 VMM: CoreCode: R3=000000000a0b0000 R0=XXXXXXXXXXXXXXXX RC=a0fa1000 Phys=0000000034d93000 cb=0x1000
00:00:03.807015 IEM: TargetCpu=CURRENT, Microarch=Intel_Core7_Skylake
00:00:03.807214 GIM: Using provider 'KVM' (Implementation version: 0)
00:00:03.807249 CPUM: SetGuestCpuIdFeature: Enabled Hypervisor Present bit
00:00:03.807409 AIOMgr: Default manager type is 'Async'
00:00:03.807415 AIOMgr: Default file backend is 'NonBuffered'
00:00:03.807682 BlkCache: Cache successfully initialized. Cache size is 5242880 bytes
00:00:03.807689 BlkCache: Cache commit interval is 10000 ms
00:00:03.807694 BlkCache: Cache commit threshold is 2621440 bytes
00:00:04.373198 PcBios: [SMP] BIOS with 1 CPUs
00:00:04.373290 PcBios: Using the 386+ BIOS image.
00:00:04.373658 PcBios: MPS table at 000e1300
00:00:04.390137 PcBios: Using LAN ROM 'D:\Program Files\Oracle\VirtualBox\ExtensionPacks\Oracle_VM_VirtualBox_Extension_Pack\PXE-Intel.rom' with a size of 0xc000 bytes
00:00:04.390291 PcBios: fCheckShutdownStatusForSoftReset=true   fClearShutdownStatusOnHardReset=true 
00:00:04.417165 SUP: Loaded VBoxDDR0.r0 (D:\Program Files\Oracle\VirtualBox\VBoxDDR0.r0) at 0xXXXXXXXXXXXXXXXX - ModuleInit at XXXXXXXXXXXXXXXX and ModuleTerm at XXXXXXXXXXXXXXXX using the native ring-0 loader
00:00:04.417192 SUP: windbg> .reload /f D:\Program Files\Oracle\VirtualBox\VBoxDDR0.r0=0xXXXXXXXXXXXXXXXX
00:00:04.418530 CPUM: SetGuestCpuIdFeature: Enabled xAPIC
00:00:04.418572 CPUM: SetGuestCpuIdFeature: Enabled x2APIC
00:00:04.419540 IOAPIC: Using implementation 2.0!
00:00:04.419912 PIT: mode=3 count=0x10000 (65536) - 18.20 Hz (ch=0)
00:00:04.448866 Shared Folders service loaded
00:00:04.460448 VGA: Using the 386+ BIOS image.
00:00:04.468430 VD: VDInit finished with VINF_SUCCESS
00:00:04.516530 DrvVD: Flushes will be ignored
00:00:04.516539 DrvVD: Async flushes will be passed to the disk
00:00:04.520081 AIOMgr: Endpoint for file 'D:\Users\kwnstantinos\VirtualBox VMs\Ldap2Server.vdi' (flags 000c0723) created successfully
00:00:04.538536 VD: Opening the disk took 19214239 ns
00:00:04.538808 AHCI: LUN#0: disk, PCHS=16383/16/63, total number of sectors 20971520
00:00:04.539121 AHCI#0: Reset the HBA
00:00:04.539138 VD#0: Cancelling all active requests
00:00:04.539564 PIIX3 ATA: LUN#0: no unit
00:00:04.539577 PIIX3 ATA: LUN#1: no unit
00:00:04.539673 DrvVD: Flushes will be ignored
00:00:04.539682 DrvVD: Async flushes will be passed to the disk
00:00:04.540021 PIIX3 ATA: LUN#2: CD/DVD, total number of sectors 0, passthrough disabled
00:00:04.540037 PIIX3 ATA: LUN#3: no unit
00:00:04.540059 PIIX3 ATA: Ctl#1: finished processing RESET
00:00:04.540076 PIIX3 ATA: Ctl#0: finished processing RESET
00:00:04.540230 E1000#0 Chip=82540EM LinkUpDelay=3000ms EthernetCRC=on GSO=enabled Itr=disabled ItrRx=enabled TID=disabled R0=enabled GC=enabled
00:00:04.540500 IntNet#0: szNetwork={HostInterfaceNetworking-VirtualBox Host-Only Ethernet Adapter #5} enmTrunkType=4 szTrunk={VirtualBox Host-Only Ethernet Adapter #5} fFlags=0x14000 cbRecv=325632 cbSend=196608 fIgnoreConnectFailure=false
00:00:04.541114 E1000#1 Chip=82540EM LinkUpDelay=3000ms EthernetCRC=on GSO=enabled Itr=disabled ItrRx=enabled TID=disabled R0=enabled GC=enabled
00:00:04.541312 IntNet#1: szNetwork={HostInterfaceNetworking-VirtualBox Host-Only Ethernet Adapter #5} enmTrunkType=4 szTrunk={VirtualBox Host-Only Ethernet Adapter #5} fFlags=0x8000 cbRecv=325632 cbSend=196608 fIgnoreConnectFailure=false
00:00:04.542122 Audio: Initializing DirectSound audio driver
00:00:04.668166 DSound: Output: GUID: {93FABBD7-57A6-4F25-9BBD-51108E1493DF} [Speakers (Sound Blaster Recon3Di)] (Module: {0.0.0.00000000}.{93fabbd7-57a6-4f25-9bbd-51108e1493df})
00:00:04.824094 DSound: Input: GUID: {551BB10F-FAC5-4C38-9CFB-A3561BAF7011} [Microphone Array (Sound Blaster Recon3Di)] (Module: {0.0.1.00000000}.{551bb10f-fac5-4c38-9cfb-a3561baf7011})
00:00:04.824114 DSound: Input: GUID: {E4DE775B-7FC5-418B-94E3-0A83D206D802} [What U Hear (Sound Blaster Recon3Di)] (Module: {0.0.1.00000000}.{e4de775b-7fc5-418b-94e3-0a83d206d802})
00:00:04.825197 Audio: Initializing VRDE driver
00:00:04.825325 AC97: Reset
00:00:04.827185 VUSB: Attached 'HidMouse' to port 1 on RootHub#1 (FullSpeed)
00:00:04.827414 PGM: The CPU physical address width is 39 bits
00:00:04.827424 PGM: PGMR3InitFinalize: 4 MB PSE mask 0000007fffffffff
00:00:04.827620 TM: TMR3InitFinalize: fTSCModeSwitchAllowed=true 
00:00:04.856302 VMM: Thread-context hooks unavailable
00:00:04.859948 HM: Using VT-x implementation 2.0
00:00:04.859951 HM: Host CR4                        = 0x170678
00:00:04.859953 HM: Host EFER                       = 0xd01
00:00:04.859954 HM: MSR_IA32_SMM_MONITOR_CTL        = 0x0
00:00:04.859955 HM: MSR_IA32_FEATURE_CONTROL        = 0x5
00:00:04.859956 HM: MSR_IA32_VMX_BASIC_INFO         = 0xda040000000004
00:00:04.859957 HM:   VMCS id                         = 0x4
00:00:04.859958 HM:   VMCS size                       = 1024 bytes
00:00:04.859960 HM:   VMCS physical address limit     = None
00:00:04.859961 HM:   VMCS memory type                = 0x6
00:00:04.859961 HM:   Dual-monitor treatment support  = true 
00:00:04.859962 HM:   OUTS & INS instruction-info     = false
00:00:04.859963 HM:   Supports true capability MSRs   = false
00:00:04.859964 HM: Max resume loops                = 1024
00:00:04.859965 HM: MSR_IA32_VMX_PINBASED_CTLS      = 0x7f00000016
00:00:04.859993 HM:   EXT_INT_EXIT
00:00:04.859994 HM:   NMI_EXIT
00:00:04.859994 HM:   VIRTUAL_NMI
00:00:04.859995 HM:   PREEMPT_TIMER
00:00:04.859995 HM:   POSTED_INTR (must be cleared)
00:00:04.860017 HM: MSR_IA32_VMX_PROCBASED_CTLS     = 0xfff9fffe0401e172
00:00:04.860019 HM:   INT_WINDOW_EXIT
00:00:04.860019 HM:   USE_TSC_OFFSETTING
00:00:04.860020 HM:   HLT_EXIT
00:00:04.860021 HM:   INVLPG_EXIT
00:00:04.860021 HM:   MWAIT_EXIT
00:00:04.860022 HM:   RDPMC_EXIT
00:00:04.860022 HM:   RDTSC_EXIT
00:00:04.860023 HM:   CR3_LOAD_EXIT (must be set)
00:00:04.860023 HM:   CR3_STORE_EXIT (must be set)
00:00:04.860024 HM:   CR8_LOAD_EXIT
00:00:04.860024 HM:   CR8_STORE_EXIT
00:00:04.860025 HM:   USE_TPR_SHADOW
00:00:04.860025 HM:   NMI_WINDOW_EXIT
00:00:04.860026 HM:   MOV_DR_EXIT
00:00:04.860026 HM:   UNCOND_IO_EXIT
00:00:04.860027 HM:   USE_IO_BITMAPS
00:00:04.860027 HM:   MONITOR_TRAP_FLAG
00:00:04.860028 HM:   USE_MSR_BITMAPS
00:00:04.860029 HM:   MONITOR_EXIT
00:00:04.860029 HM:   PAUSE_EXIT
00:00:04.860030 HM:   USE_SECONDARY_EXEC_CTRL
00:00:04.860030 HM: MSR_IA32_VMX_PROCBASED_CTLS2    = 0x1fbcff00000000
00:00:04.860031 HM:   VIRT_APIC
00:00:04.860032 HM:   EPT
00:00:04.860032 HM:   DESCRIPTOR_TABLE_EXIT
00:00:04.860033 HM:   RDTSCP
00:00:04.860033 HM:   VIRT_X2APIC
00:00:04.860034 HM:   VPID
00:00:04.860034 HM:   WBINVD_EXIT
00:00:04.860035 HM:   UNRESTRICTED_GUEST
00:00:04.860035 HM:   APIC_REG_VIRT (must be cleared)
00:00:04.860036 HM:   VIRT_INTR_DELIVERY (must be cleared)
00:00:04.860037 HM:   PAUSE_LOOP_EXIT
00:00:04.860037 HM:   RDRAND_EXIT
00:00:04.860038 HM:   INVPCID
00:00:04.860038 HM:   VMFUNC
00:00:04.860039 HM:   VMCS_SHADOWING (must be cleared)
00:00:04.860039 HM:   ENCLS_EXIT
00:00:04.860040 HM:   RDSEED_EXIT
00:00:04.860040 HM:   PML
00:00:04.860065 HM:   EPT_VE
00:00:04.860066 HM:   CONCEAL_FROM_PT
00:00:04.860066 HM:   XSAVES_XRSTORS
00:00:04.860067 HM:   TSC_SCALING (must be cleared)
00:00:04.860093 HM: MSR_IA32_VMX_ENTRY_CTLS         = 0x3ffff000011ff
00:00:04.860094 HM:   LOAD_DEBUG (must be set)
00:00:04.860095 HM:   IA32E_MODE_GUEST
00:00:04.860095 HM:   ENTRY_SMM
00:00:04.860096 HM:   DEACTIVATE_DUALMON
00:00:04.860097 HM:   LOAD_GUEST_PERF_MSR
00:00:04.860097 HM:   LOAD_GUEST_PAT_MSR
00:00:04.860098 HM:   LOAD_GUEST_EFER_MSR
00:00:04.860098 HM: MSR_IA32_VMX_EXIT_CTLS          = 0x1ffffff00036dff
00:00:04.860099 HM:   SAVE_DEBUG (must be set)
00:00:04.860100 HM:   HOST_ADDR_SPACE_SIZE
00:00:04.860101 HM:   LOAD_PERF_MSR
00:00:04.860101 HM:   ACK_EXT_INT
00:00:04.860102 HM:   SAVE_GUEST_PAT_MSR
00:00:04.860102 HM:   LOAD_HOST_PAT_MSR
00:00:04.860103 HM:   SAVE_GUEST_EFER_MSR
00:00:04.860103 HM:   LOAD_HOST_EFER_MSR
00:00:04.860104 HM:   SAVE_VMX_PREEMPT_TIMER
00:00:04.860104 HM: MSR_IA32_VMX_EPT_VPID_CAP       = 0xf0106334141
00:00:04.860106 HM:   RWX_X_ONLY
00:00:04.860106 HM:   PAGE_WALK_LENGTH_4
00:00:04.860107 HM:   EMT_UC
00:00:04.860107 HM:   EMT_WB
00:00:04.860108 HM:   PDE_2M
00:00:04.860122 HM:   PDPTE_1G
00:00:04.860122 HM:   INVEPT
00:00:04.860123 HM:   EPT_ACCESS_DIRTY
00:00:04.860124 HM:   INVEPT_SINGLE_CONTEXT
00:00:04.860124 HM:   INVEPT_ALL_CONTEXTS
00:00:04.860125 HM:   INVVPID
00:00:04.860125 HM:   INVVPID_INDIV_ADDR
00:00:04.860126 HM:   INVVPID_SINGLE_CONTEXT
00:00:04.860126 HM:   INVVPID_ALL_CONTEXTS
00:00:04.860127 HM:   INVVPID_SINGLE_CONTEXT_RETAIN_GLOBALS
00:00:04.860127 HM: MSR_IA32_VMX_MISC               = 0x7004c1e7
00:00:04.860129 HM:   PREEMPT_TSC_BIT                 = 0x7
00:00:04.860129 HM:   STORE_EFERLMA_VMEXIT            = true 
00:00:04.860130 HM:   ACTIVITY_STATES                 = 0x7
00:00:04.860131 HM:   CR3_TARGET                      = 0x4
00:00:04.860131 HM:   MAX_MSR                         = 512
00:00:04.860132 HM:   RDMSR_SMBASE_MSR_SMM            = true 
00:00:04.860133 HM:   SMM_MONITOR_CTL_B2              = true 
00:00:04.860134 HM:   VMWRITE_VMEXIT_INFO             = true 
00:00:04.860134 HM:   MSEG_ID                         = 0x0
00:00:04.860135 HM: MSR_IA32_VMX_CR0_FIXED0         = 0x80000021
00:00:04.860136 HM: MSR_IA32_VMX_CR0_FIXED1         = 0xffffffff
00:00:04.860137 HM: MSR_IA32_VMX_CR4_FIXED0         = 0x2000
00:00:04.860138 HM: MSR_IA32_VMX_CR4_FIXED1         = 0x3727ff
00:00:04.860139 HM: MSR_IA32_VMX_VMCS_ENUM          = 0x2e
00:00:04.860140 HM:   HIGHEST_INDEX                   = 0x17
00:00:04.860140 HM: MSR_IA32_VMX_VMFUNC             = 0x1
00:00:04.860141 HM:   EPTP_SWITCHING
00:00:04.860142 HM: APIC-access page physaddr       = 0x0000000034d92000
00:00:04.860143 HM: VCPU  0: MSR bitmap physaddr    = 0x0000000034d90000
00:00:04.860145 HM: VCPU  0: VMCS physaddr          = 0x0000000034d91000
00:00:04.860146 HM: Guest support: 32-bit and 64-bit
00:00:04.860157 HM: Supports VMCS EFER fields       = true 
00:00:04.860159 HM: Enabled VMX
00:00:04.860162 CPUM: SetGuestCpuIdFeature: Enabled SYSENTER/EXIT
00:00:04.860162 CPUM: SetGuestCpuIdFeature: Enabled PAE
00:00:04.860163 CPUM: SetGuestCpuIdFeature: Enabled LONG MODE
00:00:04.860164 CPUM: SetGuestCpuIdFeature: Enabled SYSCALL/RET
00:00:04.860165 CPUM: SetGuestCpuIdFeature: Enabled LAHF/SAHF
00:00:04.860165 CPUM: SetGuestCpuIdFeature: Enabled NX
00:00:04.860166 HM: Enabled nested paging
00:00:04.860166 HM:   EPT flush type                = VMXFLUSHEPT_SINGLE_CONTEXT
00:00:04.860167 HM: Enabled unrestricted guest execution
00:00:04.860168 HM: Enabled large page support
00:00:04.860168 HM: Enabled VPID
00:00:04.860169 HM:   VPID flush type               = VMXFLUSHVPID_SINGLE_CONTEXT
00:00:04.860170 HM: Enabled VMX-preemption timer (cPreemptTimerShift=7)
00:00:04.860171 HM: VT-x/AMD-V init method: LOCAL
00:00:04.860172 VMM: fUsePeriodicPreemptionTimers=false
00:00:04.860334 CPUM: Logical host processors: 8 present, 8 max, 8 online, online mask: 00000000000000ff
00:00:04.860337 CPUM: Physical host cores: 4
00:00:04.860338 ************************* CPUID dump ************************
00:00:04.860389          Raw Standard CPUID Leaves
00:00:04.860389      Leaf/sub-leaf  eax      ebx      ecx      edx
00:00:04.860416 Gst: 00000000/0000  00000016 756e6547 6c65746e 49656e69
00:00:04.860418 Hst:                00000016 756e6547 6c65746e 49656e69
00:00:04.860420 Gst: 00000001/0000  000506e3 00000800 d6f8220b 078bfbff
00:00:04.860421 Hst:                000506e3 05100800 7ffafbbf bfebfbff
00:00:04.860423 Gst: 00000002/0000  76036301 00f0b5ff 00000000 00c30000
00:00:04.860425 Hst:                76036301 00f0b5ff 00000000 00c30000
00:00:04.860426 Gst: 00000003/0000  00000000 00000000 00000000 00000000
00:00:04.860427 Hst:                00000000 00000000 00000000 00000000
00:00:04.860428 Gst: 00000004/0000  00000121 01c0003f 0000003f 00000000
00:00:04.860430 Hst:                1c004121 01c0003f 0000003f 00000000
00:00:04.860431 Gst: 00000004/0001  00000122 01c0003f 0000003f 00000000
00:00:04.860432 Hst:                1c004122 01c0003f 0000003f 00000000
00:00:04.860434 Gst: 00000004/0002  00000143 00c0003f 000003ff 00000000
00:00:04.860435 Hst:                1c004143 00c0003f 000003ff 00000000
00:00:04.860436 Gst: 00000004/0003  00000163 02c0003f 00001fff 00000006
00:00:04.860438 Hst:                1c03c163 02c0003f 00001fff 00000006
00:00:04.860439 Gst: 00000004/0004  00000000 00000000 00000000 00000000
00:00:04.860440 Hst:                00000000 00000000 00000000 00000000
00:00:04.860441 Gst: 00000005/0000  00000040 00000040 00000000 00000000
00:00:04.860442 Hst:                00000040 00000040 00000003 11142120
00:00:04.860444 Gst: 00000006/0000  00000000 00000000 00000000 00000000
00:00:04.860445 Hst:                000027f7 00000002 00000009 00000000
00:00:04.860446 Gst: 00000007/0000  00000000 00842020 00000000 00000000
00:00:04.860447 Hst:                00000000 029c6fbf 00000000 0c000000
00:00:04.860449 Gst: 00000007/0001  00000000 00000000 00000000 00000000
00:00:04.860450 Hst:                00000000 00000000 00000000 00000000
00:00:04.860451 Gst: 00000008/0000  00000000 00000000 00000000 00000000
00:00:04.860452 Hst:                00000000 00000000 00000000 00000000
00:00:04.860453 Gst: 00000009/0000  00000000 00000000 00000000 00000000
00:00:04.860454 Hst:                00000000 00000000 00000000 00000000
00:00:04.860455 Gst: 0000000a/0000  00000000 00000000 00000000 00000000
00:00:04.860456 Hst:                07300404 00000000 00000000 00000603
00:00:04.860457 Gst: 0000000b/0000  00000000 00000001 00000100 00000000
00:00:04.860458 Hst:                00000001 00000002 00000100 00000005
00:00:04.860459 Gst: 0000000b/0001  00000001 00000001 00000201 00000000
00:00:04.860460 Hst:                00000004 00000008 00000201 00000005
00:00:04.860461 Gst: 0000000b/0002  00000000 00000000 00000002 00000000
00:00:04.860462 Hst:                00000000 00000000 00000002 00000005
00:00:04.860463 Gst: 0000000c/0000  00000000 00000000 00000000 00000000
00:00:04.860464 Hst:                00000000 00000000 00000000 00000000
00:00:04.860465 Gst: 0000000d/0000  00000007 00000340 00000340 00000000
00:00:04.860466 Hst:                0000001f 00000440 00000440 00000000
00:00:04.860467 Gst: 0000000d/0001  00000000 00000440 00000000 00000000
00:00:04.860468 Hst:                0000000f 00000440 00000100 00000000
00:00:04.860469 Gst: 0000000d/0002  00000100 00000240 00000000 00000000
00:00:04.860471 Hst:                00000100 00000240 00000000 00000000
00:00:04.860472 Gst: 0000000d/0003  00000000 00000000 00000000 00000000
00:00:04.860473 Hst:                00000040 000003c0 00000000 00000000
00:00:04.860474 Gst: 0000000d/0004  00000000 00000000 00000000 00000000
00:00:04.860475 Hst:                00000040 00000400 00000000 00000000
00:00:04.860476 Gst: 0000000d/0005  00000000 00000000 00000000 00000000
00:00:04.860477 Hst:                00000000 00000000 00000000 00000000
00:00:04.860478 Gst: 0000000d/0006  00000000 00000000 00000000 00000000
00:00:04.860479 Hst:                00000000 00000000 00000000 00000000
00:00:04.860480 Gst: 0000000d/0007  00000000 00000000 00000000 00000000
00:00:04.860481 Hst:                00000000 00000000 00000000 00000000
00:00:04.860482 Gst: 0000000d/0008  00000000 00000000 00000000 00000000
00:00:04.860483 Hst:                00000080 00000000 00000001 00000000
00:00:04.860484 Gst: 0000000d/0009  00000000 00000000 00000000 00000000
00:00:04.860485 Hst:                00000000 00000000 00000000 00000000
00:00:04.860510 Gst: 0000000e/0000  00000000 00000000 00000000 00000000
00:00:04.860511 Hst:                00000000 00000000 00000000 00000000
00:00:04.860512 Gst: 0000000f/0000  00000000 00000000 00000000 00000000
00:00:04.860513 Hst:                00000000 00000000 00000000 00000000
00:00:04.860514 Gst: 00000010/0000  00000000 00000000 00000000 00000000
00:00:04.860515 Hst:                00000000 00000000 00000000 00000000
00:00:04.860516 Gst: 00000011/0000  00000000 00000000 00000000 00000000
00:00:04.860517 Hst:                00000000 00000000 00000000 00000000
00:00:04.860518 Gst: 00000012/0000  00000000 00000000 00000000 00000000
00:00:04.860519 Hst:                00000000 00000000 00000000 00000000
00:00:04.860520 Gst: 00000013/0000  00000000 00000000 00000000 00000000
00:00:04.860521 Hst:                00000000 00000000 00000000 00000000
00:00:04.860522 Gst: 00000014/0000  00000000 00000000 00000000 00000000
00:00:04.860523 Hst:                00000001 0000000f 00000007 00000000
00:00:04.860524 Hst: 00000015/0000  00000002 000000d8 00000000 00000000
00:00:04.860525 Hst: 00000016/0000  00000a28 00000dac 00000064 00000000
00:00:04.860527                                Name: GenuineIntel
00:00:04.860528                            Supports: 0x00000000-0x00000016
00:00:04.860551                              Family:  6 	Extended: 0 	Effective: 6
00:00:04.860553                               Model: 14 	Extended: 5 	Effective: 94
00:00:04.860555                            Stepping: 3
00:00:04.860556                                Type: 0 (primary)
00:00:04.860557                             APIC ID: 0x00
00:00:04.860558                        Logical CPUs: 0
00:00:04.860559                        CLFLUSH Size: 8
00:00:04.860560                            Brand ID: 0x00
00:00:04.860561 Features
00:00:04.860562   Mnemonic - Description                                  = guest (host)
00:00:04.860563   FPU - x87 FPU on Chip                                   = 1 (1)
00:00:04.860565   VME - Virtual 8086 Mode Enhancements                    = 1 (1)
00:00:04.860567   DE - Debugging extensions                               = 1 (1)
00:00:04.860568   PSE - Page Size Extension                               = 1 (1)
00:00:04.860570   TSC - Time Stamp Counter                                = 1 (1)
00:00:04.860571   MSR - Model Specific Registers                          = 1 (1)
00:00:04.860573   PAE - Physical Address Extension                        = 1 (1)
00:00:04.860574   MCE - Machine Check Exception                           = 1 (1)
00:00:04.860575   CX8 - CMPXCHG8B instruction                             = 1 (1)
00:00:04.860577   APIC - APIC On-Chip                                     = 1 (1)
00:00:04.860578   SEP - SYSENTER and SYSEXIT Present                      = 1 (1)
00:00:04.860579   MTRR - Memory Type Range Registers                      = 1 (1)
00:00:04.860581   PGE - PTE Global Bit                                    = 1 (1)
00:00:04.860582   MCA - Machine Check Architecture                        = 1 (1)
00:00:04.860583   CMOV - Conditional Move instructions                    = 1 (1)
00:00:04.860585   PAT - Page Attribute Table                              = 1 (1)
00:00:04.860586   PSE-36 - 36-bit Page Size Extension                     = 1 (1)
00:00:04.860588   PSN - Processor Serial Number                           = 0 (0)
00:00:04.860589   CLFSH - CLFLUSH instruction                             = 1 (1)
00:00:04.860590   DS - Debug Store                                        = 0 (1)
00:00:04.860592   ACPI - Thermal Mon. & Soft. Clock Ctrl.                 = 0 (1)
00:00:04.860593   MMX - Intel MMX Technology                              = 1 (1)
00:00:04.860595   FXSR - FXSAVE and FXRSTOR instructions                  = 1 (1)
00:00:04.860596   SSE - SSE support                                       = 1 (1)
00:00:04.860598   SSE2 - SSE2 support                                     = 1 (1)
00:00:04.860599   SS - Self Snoop                                         = 0 (1)
00:00:04.860601   HTT - Hyper-Threading Technology                        = 0 (1)
00:00:04.860602   TM - Therm. Monitor                                     = 0 (1)
00:00:04.860604   PBE - Pending Break Enabled                             = 0 (1)
00:00:04.860605   SSE3 - SSE3 support                                     = 1 (1)
00:00:04.860607   PCLMUL - PCLMULQDQ support (for AES-GCM)                = 1 (1)
00:00:04.860608   DTES64 - DS Area 64-bit Layout                          = 0 (1)
00:00:04.860609   MONITOR - MONITOR/MWAIT instructions                    = 1 (1)
00:00:04.860611   CPL-DS - CPL Qualified Debug Store                      = 0 (1)
00:00:04.860612   VMX - Virtual Machine Extensions                        = 0 (1)
00:00:04.860614   SMX - Safer Mode Extensions                             = 0 (0)
00:00:04.860615   EST - Enhanced SpeedStep Technology                     = 0 (1)
00:00:04.860617   TM2 - Terminal Monitor 2                                = 0 (1)
00:00:04.860618   SSSE3 - Supplemental Streaming SIMD Extensions 3        = 1 (1)
00:00:04.860619   CNTX-ID - L1 Context ID                                 = 0 (0)
00:00:04.860621   SDBG - Silicon Debug interface                          = 0 (1)
00:00:04.860622   FMA - Fused Multiply Add extensions                     = 0 (1)
00:00:04.860624   CX16 - CMPXCHG16B instruction                           = 1 (1)
00:00:04.860625   TPRUPDATE - xTPR Update Control                         = 0 (1)
00:00:04.860626   PDCM - Perf/Debug Capability MSR                        = 0 (1)
00:00:04.860628   PCID - Process Context Identifiers                      = 0 (1)
00:00:04.860655   DCA - Direct Cache Access                               = 0 (0)
00:00:04.860657   SSE4_1 - SSE4_1 support                                 = 1 (1)
00:00:04.860659   SSE4_2 - SSE4_2 support                                 = 1 (1)
00:00:04.860660   X2APIC - x2APIC support                                 = 1 (1)
00:00:04.860662   MOVBE - MOVBE instruction                               = 1 (1)
00:00:04.860663   POPCNT - POPCNT instruction                             = 1 (1)
00:00:04.860665   TSCDEADL - Time Stamp Counter Deadline                  = 0 (1)
00:00:04.860666   AES - AES instructions                                  = 1 (1)
00:00:04.860668   XSAVE - XSAVE instruction                               = 1 (1)
00:00:04.860669   OSXSAVE - OSXSAVE instruction                           = 0 (1)
00:00:04.860670   AVX - AVX support                                       = 1 (1)
00:00:04.860672   F16C - 16-bit floating point conversion instructions    = 0 (1)
00:00:04.860673   RDRAND - RDRAND instruction                             = 1 (1)
00:00:04.860675   HVP - Hypervisor Present (we're a guest)                = 1 (0)
00:00:04.860676 Structured Extended Feature Flags Enumeration (leaf 7):
00:00:04.860677   Mnemonic - Description                                  = guest (host)
00:00:04.860678   FSGSBASE - RDFSBASE/RDGSBASE/WRFSBASE/WRGSBASE instr.   = 0 (1)
00:00:04.860679   TSCADJUST - Supports MSR_IA32_TSC_ADJUST                = 0 (1)
00:00:04.860680   SGX - Supports Software Guard Extensions                = 0 (1)
00:00:04.860682   BMI1 - Advanced Bit Manipulation extension 1            = 0 (1)
00:00:04.860683   HLE - Hardware Lock Elision                             = 0 (1)
00:00:04.860684   AVX2 - Advanced Vector Extensions 2                     = 1 (1)
00:00:04.860686   FDP_EXCPTN_ONLY - FPU DP only updated on exceptions     = 0 (0)
00:00:04.860687   SMEP - Supervisor Mode Execution Prevention             = 0 (1)
00:00:04.860688   BMI2 - Advanced Bit Manipulation extension 2            = 0 (1)
00:00:04.860689   ERMS - Enhanced REP MOVSB/STOSB instructions            = 0 (1)
00:00:04.860690   INVPCID - INVPCID instruction                           = 0 (1)
00:00:04.860692   RTM - Restricted Transactional Memory                   = 0 (1)
00:00:04.860693   PQM - Platform Quality of Service Monitoring            = 0 (0)
00:00:04.860694   DEPFPU_CS_DS - Deprecates FPU CS, FPU DS values if set  = 1 (1)
00:00:04.860695   MPE - Intel Memory Protection Extensions                = 0 (1)
00:00:04.860697   PQE - Platform Quality of Service Enforcement           = 0 (0)
00:00:04.860698   AVX512F - AVX512 Foundation instructions                = 0 (0)
00:00:04.860699   RDSEED - RDSEED instruction                             = 1 (1)
00:00:04.860701   ADX - ADCX/ADOX instructions                            = 0 (1)
00:00:04.860702   SMAP - Supervisor Mode Access Prevention                = 0 (1)
00:00:04.860703   CLFLUSHOPT - CLFLUSHOPT (Cache Line Flush) instruction  = 1 (1)
00:00:04.860705   INTEL_PT - Intel Processor Trace                        = 0 (1)
00:00:04.860706   AVX512PF - AVX512 Prefetch instructions                 = 0 (0)
00:00:04.860708   AVX512ER - AVX512 Exponential & Reciprocal instructions = 0 (0)
00:00:04.860709   AVX512CD - AVX512 Conflict Detection instructions       = 0 (0)
00:00:04.860710   SHA - Secure Hash Algorithm extensions                  = 0 (0)
00:00:04.860711   PREFETCHWT1 - PREFETCHWT1 instruction                   = 0 (0)
00:00:04.860713   PKU - Protection Key for Usermode pages                 = 0 (0)
00:00:04.860714   OSPKU - CR4.PKU mirror                                  = 0 (0)
00:00:04.860716 0x9da63328 (0x0)
00:00:04.860717 Processor Extended State Enumeration (leaf 0xd):
00:00:04.860718    XSAVE area cur/max size by XCR0, guest: 0x340/0x340
00:00:04.860719     XSAVE area cur/max size by XCR0, host: 0x440/0x440
00:00:04.860720                    Valid XCR0 bits, guest: 0x00000000`00000007 ( x87 SSE YMM_Hi128 )
00:00:04.860723                     Valid XCR0 bits, host: 0x00000000`0000001f ( x87 SSE YMM_Hi128 BNDREGS BNDCSR )
00:00:04.860727                     XSAVE features, guest:
00:00:04.860728                      XSAVE features, host: XSAVEOPT XSAVEC XGETBC1 XSAVES
00:00:04.860730       XSAVE area cur size XCR0|XSS, guest: 0x440
00:00:04.860731        XSAVE area cur size XCR0|XSS, host: 0x440
00:00:04.860732                Valid IA32_XSS bits, guest: 0x00000000`00000000
00:00:04.860733                 Valid IA32_XSS bits, host: 0x00000100`00000000 ( 40 )
00:00:04.860736   State #2, guest: off=0x0240, cb=0x0100 IA32_XSS-bit -- YMM_Hi128
00:00:04.860738   State #2, host:  off=0x0240, cb=0x0100 IA32_XSS-bit -- YMM_Hi128
00:00:04.860740   State #3, host:  off=0x03c0, cb=0x0040 IA32_XSS-bit -- BNDREGS
00:00:04.860742   State #4, host:  off=0x0400, cb=0x0040 IA32_XSS-bit -- BNDCSR
00:00:04.860744   State #8, host:  off=0x0000, cb=0x0080 XCR0-bit -- 8
00:00:04.860757          Unknown CPUID Leaves
00:00:04.860758      Leaf/sub-leaf  eax      ebx      ecx      edx
00:00:04.860759 Gst: 00000014/0001  00000000 00000000 00000000 00000000
00:00:04.860760 Hst:                02490002 003f3fff 00000000 00000000
00:00:04.860762 Gst: 00000014/0002  00000000 00000000 00000000 00000000
00:00:04.860763 Hst:                00000000 00000000 00000000 00000000
00:00:04.860764 Gst: 00000015/0000  00000000 00000000 00000000 00000000
00:00:04.860765 Hst:                00000002 000000d8 00000000 00000000
00:00:04.860767 Gst: 00000016/0000  00000000 00000000 00000000 00000000
00:00:04.860768 Hst:                00000a28 00000dac 00000064 00000000
00:00:04.860769          Raw Hypervisor CPUID Leaves
00:00:04.860770      Leaf/sub-leaf  eax      ebx      ecx      edx
00:00:04.860771 Gst: 40000000/0000  40000001 4b4d564b 564b4d56 0000004d
00:00:04.860773 Hst:                00000a28 00000dac 00000064 00000000
00:00:04.860774 Gst: 40000001/0000  01000089 00000000 00000000 00000000
00:00:04.860776 Hst:                00000a28 00000dac 00000064 00000000
00:00:04.860802          Raw Extended CPUID Leaves
00:00:04.860802      Leaf/sub-leaf  eax      ebx      ecx      edx
00:00:04.860803 Gst: 80000000/0000  80000008 00000000 00000000 00000000
00:00:04.860804 Hst:                80000008 00000000 00000000 00000000
00:00:04.860806 Gst: 80000001/0000  00000000 00000000 00000121 28100800
00:00:04.860807 Hst:                00000000 00000000 00000121 2c100800
00:00:04.860809 Gst: 80000002/0000  65746e49 2952286c 726f4320 4d542865
00:00:04.860811 Hst:                65746e49 2952286c 726f4320 4d542865
00:00:04.860813 Gst: 80000003/0000  37692029 3037362d 20514830 20555043
00:00:04.860814 Hst:                37692029 3037362d 20514830 20555043
00:00:04.860816 Gst: 80000004/0000  2e322040 48473036 0000007a 00000000
00:00:04.860818 Hst:                2e322040 48473036 0000007a 00000000
00:00:04.860819 Gst: 80000005/0000  00000000 00000000 00000000 00000000
00:00:04.860820 Hst:                00000000 00000000 00000000 00000000
00:00:04.860821 Gst: 80000006/0000  00000000 00000000 01006040 00000000
00:00:04.860823 Hst:                00000000 00000000 01006040 00000000
00:00:04.860824 Gst: 80000007/0000  00000000 00000000 00000000 00000100
00:00:04.860825 Hst:                00000000 00000000 00000000 00000100
00:00:04.860826 Gst: 80000008/0000  00003027 00000000 00000000 00000000
00:00:04.860827 Hst:                00003027 00000000 00000000 00000000
00:00:04.860828 Ext Name:                        
00:00:04.860829 Ext Supports:                    0x80000000-0x80000008
00:00:04.860830 Family:                          0  	Extended: 0 	Effective: 0
00:00:04.860831 Model:                           0  	Extended: 0 	Effective: 0
00:00:04.860832 Stepping:                        0
00:00:04.860833 Brand ID:                        0x000
00:00:04.860834 Ext Features
00:00:04.860834   Mnemonic - Description                                  = guest (host)
00:00:04.860835   FPU - x87 FPU on Chip                                   = 0 (0)
00:00:04.860836   VME - Virtual 8086 Mode Enhancements                    = 0 (0)
00:00:04.860838   DE - Debugging extensions                               = 0 (0)
00:00:04.860839   PSE - Page Size Extension                               = 0 (0)
00:00:04.860841   TSC - Time Stamp Counter                                = 0 (0)
00:00:04.860842   MSR - K86 Model Specific Registers                      = 0 (0)
00:00:04.860844   PAE - Physical Address Extension                        = 0 (0)
00:00:04.860845   MCE - Machine Check Exception                           = 0 (0)
00:00:04.860846   CX8 - CMPXCHG8B instruction                             = 0 (0)
00:00:04.860848   APIC - APIC On-Chip                                     = 0 (0)
00:00:04.860849   SEP - SYSCALL/SYSRET                                    = 1 (1)
00:00:04.860851   MTRR - Memory Type Range Registers                      = 0 (0)
00:00:04.860852   PGE - PTE Global Bit                                    = 0 (0)
00:00:04.860853   MCA - Machine Check Architecture                        = 0 (0)
00:00:04.860855   CMOV - Conditional Move instructions                    = 0 (0)
00:00:04.860856   PAT - Page Attribute Table                              = 0 (0)
00:00:04.860857   PSE-36 - 36-bit Page Size Extension                     = 0 (0)
00:00:04.860859   NX - No-Execute/Execute-Disable                         = 1 (1)
00:00:04.860860   AXMMX - AMD Extensions to MMX instructions              = 0 (0)
00:00:04.860861   MMX - Intel MMX Technology                              = 0 (0)
00:00:04.860863   FXSR - FXSAVE and FXRSTOR Instructions                  = 0 (0)
00:00:04.860864   FFXSR - AMD fast FXSAVE and FXRSTOR instructions        = 0 (0)
00:00:04.860865   Page1GB - 1 GB large page                               = 0 (1)
00:00:04.860867   RDTSCP - RDTSCP instruction                             = 1 (1)
00:00:04.860868   LM - AMD64 Long Mode                                    = 1 (1)
00:00:04.860870   3DNOWEXT - AMD Extensions to 3DNow                      = 0 (0)
00:00:04.860871   3DNOW - AMD 3DNow                                       = 0 (0)
00:00:04.860873   LahfSahf - LAHF/SAHF support in 64-bit mode             = 1 (1)
00:00:04.860874   CmpLegacy - Core multi-processing legacy mode           = 0 (0)
00:00:04.860875   SVM - AMD Secure Virtual Machine extensions             = 0 (0)
00:00:04.860877   EXTAPIC - AMD Extended APIC registers                   = 0 (0)
00:00:04.860878   CR8L - AMD LOCK MOV CR0 means MOV CR8                   = 0 (0)
00:00:04.860879   ABM - AMD Advanced Bit Manipulation                     = 1 (1)
00:00:04.860881   SSE4A - SSE4A instructions                              = 0 (0)
00:00:04.860882   MISALIGNSSE - AMD Misaligned SSE mode                   = 0 (0)
00:00:04.860883   3DNOWPRF - AMD PREFETCH and PREFETCHW instructions      = 1 (1)
00:00:04.860884   OSVW - AMD OS Visible Workaround                        = 0 (0)
00:00:04.860886   IBS - Instruct Based Sampling                           = 0 (0)
00:00:04.860887   XOP - Extended Operation support                        = 0 (0)
00:00:04.860888   SKINIT - SKINIT, STGI, and DEV support                  = 0 (0)
00:00:04.860890   WDT - AMD Watchdog Timer support                        = 0 (0)
00:00:04.860891   LWP - Lightweight Profiling support                     = 0 (0)
00:00:04.860892   FMA4 - Four operand FMA instruction support             = 0 (0)
00:00:04.860894   NodeId - NodeId in MSR C001_100C                        = 0 (0)
00:00:04.860895   TBM - Trailing Bit Manipulation instructions            = 0 (0)
00:00:04.860896   TOPOEXT - Topology Extensions                           = 0 (0)
00:00:04.860899 Full Name:                       "Intel(R) Core(TM) i7-6700HQ CPU @ 2.60GHz"
00:00:04.860900 TLB 2/4M Instr/Uni:              res0     0 entries
00:00:04.860925 TLB 2/4M Data:                   res0     0 entries
00:00:04.860926 TLB 4K Instr/Uni:                res0     0 entries
00:00:04.860927 TLB 4K Data:                     res0     0 entries
00:00:04.860928 L1 Instr Cache Line Size:        0 bytes
00:00:04.860928 L1 Instr Cache Lines Per Tag:    0
00:00:04.860929 L1 Instr Cache Associativity:    res0  
00:00:04.860929 L1 Instr Cache Size:             0 KB
00:00:04.860930 L1 Data Cache Line Size:         0 bytes
00:00:04.860931 L1 Data Cache Lines Per Tag:     0
00:00:04.860931 L1 Data Cache Associativity:     res0  
00:00:04.860932 L1 Data Cache Size:              0 KB
00:00:04.860933 L2 TLB 2/4M Instr/Uni:           off       0 entries
00:00:04.860934 L2 TLB 2/4M Data:                off       0 entries
00:00:04.860934 L2 TLB 4K Instr/Uni:             off       0 entries
00:00:04.860935 L2 TLB 4K Data:                  off       0 entries
00:00:04.860936 L2 Cache Line Size:              0 bytes
00:00:04.860937 L2 Cache Lines Per Tag:          0
00:00:04.860937 L2 Cache Associativity:          off   
00:00:04.860938 L2 Cache Size:                   0 KB
00:00:04.860939 APM Features:                    TscInvariant
00:00:04.860940 Host Invariant-TSC support:      true 
00:00:04.860941 Physical Address Width:          39 bits
00:00:04.860942 Virtual Address Width:           48 bits
00:00:04.860943 Guest Physical Address Width:    0 bits
00:00:04.860943 Physical Core Count:             1
00:00:04.860945 
00:00:04.860946 ******************** End of CPUID dump **********************
00:00:04.886960 PcBios: SATA LUN#0 LCHS=1024/255/63
00:00:04.887017 APIC: fPostedIntrsEnabled=false fVirtApicRegsEnabled=false fSupportsTscDeadline=false
00:00:04.887059 VMEmt: Halt method global1 (5)
00:00:04.887123 VMEmt: HaltedGlobal1 config: cNsSpinBlockThresholdCfg=50000
00:00:04.887131 Changing the VM state from 'CREATING' to 'CREATED'
00:00:04.888537 Changing the VM state from 'CREATED' to 'POWERING_ON'
00:00:04.888684 AIOMgr: Endpoints without assigned bandwidth groups:
00:00:04.888694 AIOMgr:     D:\Users\kwnstantinos\VirtualBox VMs\Ldap2Server.vdi
00:00:04.888771 Changing the VM state from 'POWERING_ON' to 'RUNNING'
00:00:04.888782 Console: Machine state changed to 'Running'
00:00:04.895237 VMMDev: Guest Log: BIOS: VirtualBox 5.2.0
00:00:04.895338 PCI: setting up resources and interrupts
00:00:04.942497 SUP: Loaded VBoxEhciR0.r0 (D:\Program Files\Oracle\VirtualBox\ExtensionPacks\Oracle_VM_VirtualBox_Extension_Pack\win.amd64\VBoxEhciR0.r0) at 0xXXXXXXXXXXXXXXXX - ModuleInit at XXXXXXXXXXXXXXXX and ModuleTerm at XXXXXXXXXXXXXXXX using the native ring-0 loader
00:00:04.942516 SUP: windbg> .reload /f D:\Program Files\Oracle\VirtualBox\ExtensionPacks\Oracle_VM_VirtualBox_Extension_Pack\win.amd64\VBoxEhciR0.r0=0xXXXXXXXXXXXXXXXX
00:00:04.942685 PIT: mode=2 count=0x10000 (65536) - 18.20 Hz (ch=0)
00:00:04.956320 VMMDev: Guest Log: CPUID EDX: 0x078bfbff
00:00:04.956442 PIIX3 ATA: Ctl#1: RESET, DevSel=0 AIOIf=0 CmdIf0=0x00 (-1 usec ago) CmdIf1=0x00 (-1 usec ago)
00:00:04.956491 PIIX3 ATA: Ctl#1: finished processing RESET
00:00:04.964908 Display::handleDisplayResize: uScreenId=0 pvVRAM=0000000000000000 w=720 h=400 bpp=0 cbLine=0x0 flags=0x0
00:00:04.965004 GUI: UIFrameBufferPrivate::NotifyChange: Screen=0, Origin=0x0, Size=720x400, Sending to async-handler
00:00:04.965089 GUI: UIMachineView::sltHandleNotifyChange: Screen=0, Size=720x400
00:00:04.965100 GUI: UIFrameBufferPrivate::handleNotifyChange: Size=720x400
00:00:04.965107 GUI: UIFrameBufferPrivate::performResize: Size=720x400, Directly using source bitmap content
00:00:04.977957 AHCI#0: Reset the HBA
00:00:04.977979 VD#0: Cancelling all active requests
00:00:04.978040 AHCI#0: Port 0 reset
00:00:04.978072 VD#0: Cancelling all active requests
00:00:04.979308 VMMDev: Guest Log: BIOS: AHCI 0-P#0: PCHS=16383/16/63 LCHS=1024/255/63 0x0000000001400000 sectors
00:00:04.979728 PIT: mode=2 count=0x48d3 (18643) - 64.00 Hz (ch=0)
00:00:04.998235 Display::handleDisplayResize: uScreenId=0 pvVRAM=000000000a950000 w=640 h=480 bpp=32 cbLine=0xA00 flags=0x0
00:00:04.998306 GUI: UIFrameBufferPrivate::NotifyChange: Screen=0, Origin=0x0, Size=640x480, Sending to async-handler
00:00:05.005655 GUI: UIMachineView::sltHandleNotifyChange: Screen=0, Size=640x480
00:00:05.005676 GUI: UIFrameBufferPrivate::handleNotifyChange: Size=640x480
00:00:05.005943 GUI: UIFrameBufferPrivate::performResize: Size=640x480, Directly using source bitmap content
00:00:05.139180 GUI: UIMachineViewNormal::resendSizeHint: Restoring guest size-hint for screen 0 to 1920x950
00:00:05.139367 VMMDev: SetVideoModeHint: Got a video mode hint (1920x950x32)@(0x0),(1;0) at 0
00:00:05.140634 GUI: 2D video acceleration is disabled
00:00:05.140659 GUI: HID LEDs sync is enabled
00:00:05.149000 GUI: UIMachineLogicNormal::sltCheckForRequestedVisualStateType: Requested-state=0, Machine-state=5
00:00:07.457289 PIT: mode=2 count=0x10000 (65536) - 18.20 Hz (ch=0)
00:00:07.457464 Display::handleDisplayResize: uScreenId=0 pvVRAM=0000000000000000 w=720 h=400 bpp=0 cbLine=0x0 flags=0x0
00:00:07.457531 GUI: UIFrameBufferPrivate::NotifyChange: Screen=0, Origin=0x0, Size=720x400, Sending to async-handler
00:00:07.457629 GUI: UIMachineView::sltHandleNotifyChange: Screen=0, Size=720x400
00:00:07.457642 GUI: UIFrameBufferPrivate::handleNotifyChange: Size=720x400
00:00:07.457664 GUI: UIFrameBufferPrivate::performResize: Size=720x400, Directly using source bitmap content
00:00:07.458350 VMMDev: Guest Log: BIOS: Boot : bseqnr=1, bootseq=0231
00:00:07.458583 VMMDev: Guest Log: BIOS: Boot from Floppy 0 failed
00:00:07.458831 VMMDev: Guest Log: BIOS: Boot : bseqnr=2, bootseq=0023
00:00:07.459530 VMMDev: Guest Log: BIOS: CDROM boot failure code : 0003
00:00:07.459733 VMMDev: Guest Log: BIOS: Boot from CD-ROM failed
00:00:07.459975 VMMDev: Guest Log: BIOS: Boot : bseqnr=3, bootseq=0002
00:00:07.460783 VMMDev: Guest Log: BIOS: Booting from Hard Disk...
00:00:08.069456 Display::handleDisplayResize: uScreenId=0 pvVRAM=000000000aa7c000 w=640 h=480 bpp=32 cbLine=0xA00 flags=0x0
00:00:08.069534 GUI: UIFrameBufferPrivate::NotifyChange: Screen=0, Origin=0x0, Size=640x480, Sending to async-handler
00:00:08.069636 GUI: UIMachineView::sltHandleNotifyChange: Screen=0, Size=640x480
00:00:08.069654 GUI: UIFrameBufferPrivate::handleNotifyChange: Size=640x480
00:00:08.069907 GUI: UIFrameBufferPrivate::performResize: Size=640x480, Directly using source bitmap content
00:00:10.184064 Display::handleDisplayResize: uScreenId=0 pvVRAM=0000000000000000 w=720 h=400 bpp=0 cbLine=0x0 flags=0x0
00:00:10.184193 GUI: UIFrameBufferPrivate::NotifyChange: Screen=0, Origin=0x0, Size=720x400, Sending to async-handler
00:00:10.184263 GUI: UIMachineView::sltHandleNotifyChange: Screen=0, Size=720x400
00:00:10.184279 GUI: UIFrameBufferPrivate::handleNotifyChange: Size=720x400
00:00:10.184306 GUI: UIFrameBufferPrivate::performResize: Size=720x400, Directly using source bitmap content
00:00:10.337967 GIM: KVM: VCPU  0: Enabled system-time struct. at 0x000000011fff3000 - u32TscScale=0xc587e1b1 i8TscShift=-1 uVersion=2 fFlags=0x1 uTsc=0x349d407fb uVirtNanoTS=0x144c7d2df
00:00:10.337986 TM: Switching TSC mode from 'Dynamic' to 'RealTscOffset'
00:00:10.460354 GIM: KVM: Enabled wall-clock struct. at 0x00000000020fc668 - u32Sec=1548846025 u32Nano=374497600 uVersion=2
00:00:10.478498 PIT: mode=2 count=0x12a5 (4773) - 249.98 Hz (ch=0)
00:00:10.548973 APIC0: Switched mode to x2APIC
00:00:10.654372 PIT: mode=0 count=0x10000 (65536) - 18.20 Hz (ch=0)
00:00:10.760893 OHCI: Software reset
00:00:11.331244 PIIX3 ATA: Ctl#0: RESET, DevSel=0 AIOIf=0 CmdIf0=0x00 (-1 usec ago) CmdIf1=0x00 (-1 usec ago)
00:00:11.331317 PIIX3 ATA: Ctl#0: finished processing RESET
00:00:11.331851 EHCI: Hardware reset
00:00:11.331970 EHCI: USB Operational
00:00:11.332186 PIIX3 ATA: Ctl#1: RESET, DevSel=0 AIOIf=0 CmdIf0=0xa0 (-1 usec ago) CmdIf1=0x00 (-1 usec ago)
00:00:11.332236 PIIX3 ATA: Ctl#1: finished processing RESET
00:00:11.341782 OHCI: USB Reset
00:00:11.396690 OHCI: Software reset
00:00:11.396789 OHCI: USB Operational
00:00:11.441930 EHCI: USB Suspended
00:00:12.185311 AHCI#0: Reset the HBA
00:00:12.185326 VD#0: Cancelling all active requests
00:00:12.187186 AHCI#0: Port 0 reset
00:00:12.192699 VD#0: Cancelling all active requests
00:00:14.736082 AIOMgr: Async flushes not supported
00:00:19.361938 VMMDev: Guest Additions information report: Version 5.0.18 r106667 '5.0.18_Ubuntu'
00:00:19.361993 VMMDev: Guest Additions information report: Interface = 0x00010004 osType = 0x00053100 (Linux >= 2.6, 64-bit)
00:00:19.362193 VMMDev: Guest Additions capability report: (0x0 -> 0x0) seamless: no, hostWindowMapping: no, graphics: no
00:00:19.362259 GUI: UISession::sltAdditionsChange: GA state change event came, notifying listeners.
00:00:19.362272 GUI: UIMachineLogicNormal::sltCheckForRequestedVisualStateType: Requested-state=0, Machine-state=5
00:00:19.362314 GUI: UISession::sltAdditionsChange: GA state change event came, notifying listeners.
00:00:19.362320 GUI: UIMachineLogicNormal::sltCheckForRequestedVisualStateType: Requested-state=0, Machine-state=5
00:00:19.362381 VMMDev: Guest reported fixed hypervisor window at 00001000000 LB 0x2400000 (rc=VINF_SUCCESS)
00:00:19.362413 VMMDev: vmmDevReqHandler_HeartbeatConfigure: No change (fHeartbeatActive=false).
00:00:19.362437 VMMDev: Heartbeat flatline timer set to trigger after 4 000 000 000 ns
00:00:19.362578 VMMDev: Guest Log: vgdrvHeartbeatInit: Setting up heartbeat to trigger every 2000 milliseconds
00:00:19.362752 GUI: UISession::sltAdditionsChange: GA state really changed, notifying listeners.
00:00:19.362768 GUI: UIMachineViewNormal::adjustGuestScreenSize: Adjust guest-screen size if necessary.
00:00:19.362775 GUI: UISession::sltAdditionsChange: GA state change event came, notifying listeners.
00:00:19.362780 GUI: UIMachineLogicNormal::sltCheckForRequestedVisualStateType: Requested-state=0, Machine-state=5
00:00:19.364351 VMMDev: Guest Log: vboxguest: misc device minor 55, IRQ 20, I/O port d020, MMIO at 00000000f0400000 (size 0x400000)
00:00:20.054431 AC97: Reset
00:00:20.054878 AC97: Reset
00:00:20.193326 DSound: Output: GUID: {93FABBD7-57A6-4F25-9BBD-51108E1493DF} [Speakers (Sound Blaster Recon3Di)] (Module: {0.0.0.00000000}.{93fabbd7-57a6-4f25-9bbd-51108e1493df})
00:00:20.193674 DSound: Input: GUID: {551BB10F-FAC5-4C38-9CFB-A3561BAF7011} [Microphone Array (Sound Blaster Recon3Di)] (Module: {0.0.1.00000000}.{551bb10f-fac5-4c38-9cfb-a3561baf7011})
00:00:20.193686 DSound: Input: GUID: {E4DE775B-7FC5-418B-94E3-0A83D206D802} [What U Hear (Sound Blaster Recon3Di)] (Module: {0.0.1.00000000}.{e4de775b-7fc5-418b-94e3-0a83d206d802})
00:00:20.193963 DSound: Guest source 'Line In' is using host recording device with GUID '{551BB10F-FAC5-4C38-9CFB-A3561BAF7011}'
00:00:20.282385 DSound: Output: GUID: {93FABBD7-57A6-4F25-9BBD-51108E1493DF} [Speakers (Sound Blaster Recon3Di)] (Module: {0.0.0.00000000}.{93fabbd7-57a6-4f25-9bbd-51108e1493df})
00:00:20.282690 DSound: Input: GUID: {551BB10F-FAC5-4C38-9CFB-A3561BAF7011} [Microphone Array (Sound Blaster Recon3Di)] (Module: {0.0.1.00000000}.{551bb10f-fac5-4c38-9cfb-a3561baf7011})
00:00:20.282702 DSound: Input: GUID: {E4DE775B-7FC5-418B-94E3-0A83D206D802} [What U Hear (Sound Blaster Recon3Di)] (Module: {0.0.1.00000000}.{e4de775b-7fc5-418b-94e3-0a83d206d802})
00:00:20.316173 DSound: Output: GUID: {93FABBD7-57A6-4F25-9BBD-51108E1493DF} [Speakers (Sound Blaster Recon3Di)] (Module: {0.0.0.00000000}.{93fabbd7-57a6-4f25-9bbd-51108e1493df})
00:00:20.316503 DSound: Input: GUID: {551BB10F-FAC5-4C38-9CFB-A3561BAF7011} [Microphone Array (Sound Blaster Recon3Di)] (Module: {0.0.1.00000000}.{551bb10f-fac5-4c38-9cfb-a3561baf7011})
00:00:20.316515 DSound: Input: GUID: {E4DE775B-7FC5-418B-94E3-0A83D206D802} [What U Hear (Sound Blaster Recon3Di)] (Module: {0.0.1.00000000}.{e4de775b-7fc5-418b-94e3-0a83d206d802})
00:00:20.362483 DSound: Output: GUID: {93FABBD7-57A6-4F25-9BBD-51108E1493DF} [Speakers (Sound Blaster Recon3Di)] (Module: {0.0.0.00000000}.{93fabbd7-57a6-4f25-9bbd-51108e1493df})
00:00:20.362836 DSound: Input: GUID: {551BB10F-FAC5-4C38-9CFB-A3561BAF7011} [Microphone Array (Sound Blaster Recon3Di)] (Module: {0.0.1.00000000}.{551bb10f-fac5-4c38-9cfb-a3561baf7011})
00:00:20.362851 DSound: Input: GUID: {E4DE775B-7FC5-418B-94E3-0A83D206D802} [What U Hear (Sound Blaster Recon3Di)] (Module: {0.0.1.00000000}.{e4de775b-7fc5-418b-94e3-0a83d206d802})
00:00:20.404039 DSound: Output: GUID: {93FABBD7-57A6-4F25-9BBD-51108E1493DF} [Speakers (Sound Blaster Recon3Di)] (Module: {0.0.0.00000000}.{93fabbd7-57a6-4f25-9bbd-51108e1493df})
00:00:20.404370 DSound: Input: GUID: {551BB10F-FAC5-4C38-9CFB-A3561BAF7011} [Microphone Array (Sound Blaster Recon3Di)] (Module: {0.0.1.00000000}.{551bb10f-fac5-4c38-9cfb-a3561baf7011})
00:00:20.404383 DSound: Input: GUID: {E4DE775B-7FC5-418B-94E3-0A83D206D802} [What U Hear (Sound Blaster Recon3Di)] (Module: {0.0.1.00000000}.{e4de775b-7fc5-418b-94e3-0a83d206d802})
00:00:20.449871 DSound: Output: GUID: {93FABBD7-57A6-4F25-9BBD-51108E1493DF} [Speakers (Sound Blaster Recon3Di)] (Module: {0.0.0.00000000}.{93fabbd7-57a6-4f25-9bbd-51108e1493df})
00:00:20.450238 DSound: Input: GUID: {551BB10F-FAC5-4C38-9CFB-A3561BAF7011} [Microphone Array (Sound Blaster Recon3Di)] (Module: {0.0.1.00000000}.{551bb10f-fac5-4c38-9cfb-a3561baf7011})
00:00:20.450253 DSound: Input: GUID: {E4DE775B-7FC5-418B-94E3-0A83D206D802} [What U Hear (Sound Blaster Recon3Di)] (Module: {0.0.1.00000000}.{e4de775b-7fc5-418b-94e3-0a83d206d802})
00:00:20.485227 DSound: Output: GUID: {93FABBD7-57A6-4F25-9BBD-51108E1493DF} [Speakers (Sound Blaster Recon3Di)] (Module: {0.0.0.00000000}.{93fabbd7-57a6-4f25-9bbd-51108e1493df})
00:00:20.485554 DSound: Input: GUID: {551BB10F-FAC5-4C38-9CFB-A3561BAF7011} [Microphone Array (Sound Blaster Recon3Di)] (Module: {0.0.1.00000000}.{551bb10f-fac5-4c38-9cfb-a3561baf7011})
00:00:20.485566 DSound: Input: GUID: {E4DE775B-7FC5-418B-94E3-0A83D206D802} [What U Hear (Sound Blaster Recon3Di)] (Module: {0.0.1.00000000}.{e4de775b-7fc5-418b-94e3-0a83d206d802})
00:00:20.525379 DSound: Output: GUID: {93FABBD7-57A6-4F25-9BBD-51108E1493DF} [Speakers (Sound Blaster Recon3Di)] (Module: {0.0.0.00000000}.{93fabbd7-57a6-4f25-9bbd-51108e1493df})
00:00:20.525700 DSound: Input: GUID: {551BB10F-FAC5-4C38-9CFB-A3561BAF7011} [Microphone Array (Sound Blaster Recon3Di)] (Module: {0.0.1.00000000}.{551bb10f-fac5-4c38-9cfb-a3561baf7011})
00:00:20.525712 DSound: Input: GUID: {E4DE775B-7FC5-418B-94E3-0A83D206D802} [What U Hear (Sound Blaster Recon3Di)] (Module: {0.0.1.00000000}.{e4de775b-7fc5-418b-94e3-0a83d206d802})
00:00:20.564705 DSound: Output: GUID: {93FABBD7-57A6-4F25-9BBD-51108E1493DF} [Speakers (Sound Blaster Recon3Di)] (Module: {0.0.0.00000000}.{93fabbd7-57a6-4f25-9bbd-51108e1493df})
00:00:20.565028 DSound: Input: GUID: {551BB10F-FAC5-4C38-9CFB-A3561BAF7011} [Microphone Array (Sound Blaster Recon3Di)] (Module: {0.0.1.00000000}.{551bb10f-fac5-4c38-9cfb-a3561baf7011})
00:00:20.565041 DSound: Input: GUID: {E4DE775B-7FC5-418B-94E3-0A83D206D802} [What U Hear (Sound Blaster Recon3Di)] (Module: {0.0.1.00000000}.{e4de775b-7fc5-418b-94e3-0a83d206d802})
00:00:20.592114 DSound: Output: GUID: {93FABBD7-57A6-4F25-9BBD-51108E1493DF} [Speakers (Sound Blaster Recon3Di)] (Module: {0.0.0.00000000}.{93fabbd7-57a6-4f25-9bbd-51108e1493df})
00:00:20.592446 DSound: Input: GUID: {551BB10F-FAC5-4C38-9CFB-A3561BAF7011} [Microphone Array (Sound Blaster Recon3Di)] (Module: {0.0.1.00000000}.{551bb10f-fac5-4c38-9cfb-a3561baf7011})
00:00:20.592458 DSound: Input: GUID: {E4DE775B-7FC5-418B-94E3-0A83D206D802} [What U Hear (Sound Blaster Recon3Di)] (Module: {0.0.1.00000000}.{e4de775b-7fc5-418b-94e3-0a83d206d802})
00:00:20.592476 DSound: Creating capture buffer failed with ERROR_BAD_ENVIRONMENT 0x8878000A
00:00:20.596071 DSound: Output: GUID: {93FABBD7-57A6-4F25-9BBD-51108E1493DF} [Speakers (Sound Blaster Recon3Di)] (Module: {0.0.0.00000000}.{93fabbd7-57a6-4f25-9bbd-51108e1493df})
00:00:20.596390 DSound: Input: GUID: {551BB10F-FAC5-4C38-9CFB-A3561BAF7011} [Microphone Array (Sound Blaster Recon3Di)] (Module: {0.0.1.00000000}.{551bb10f-fac5-4c38-9cfb-a3561baf7011})
00:00:20.596402 DSound: Input: GUID: {E4DE775B-7FC5-418B-94E3-0A83D206D802} [What U Hear (Sound Blaster Recon3Di)] (Module: {0.0.1.00000000}.{e4de775b-7fc5-418b-94e3-0a83d206d802})
00:00:20.596420 DSound: Creating capture buffer failed with ERROR_BAD_ENVIRONMENT 0x8878000A
00:00:20.596834 DSound: Output: GUID: {93FABBD7-57A6-4F25-9BBD-51108E1493DF} [Speakers (Sound Blaster Recon3Di)] (Module: {0.0.0.00000000}.{93fabbd7-57a6-4f25-9bbd-51108e1493df})
00:00:20.597136 DSound: Input: GUID: {551BB10F-FAC5-4C38-9CFB-A3561BAF7011} [Microphone Array (Sound Blaster Recon3Di)] (Module: {0.0.1.00000000}.{551bb10f-fac5-4c38-9cfb-a3561baf7011})
00:00:20.597148 DSound: Input: GUID: {E4DE775B-7FC5-418B-94E3-0A83D206D802} [What U Hear (Sound Blaster Recon3Di)] (Module: {0.0.1.00000000}.{e4de775b-7fc5-418b-94e3-0a83d206d802})
00:00:20.597167 DSound: Creating capture buffer failed with ERROR_BAD_ENVIRONMENT 0x8878000A
00:00:20.610919 DSound: Output: GUID: {93FABBD7-57A6-4F25-9BBD-51108E1493DF} [Speakers (Sound Blaster Recon3Di)] (Module: {0.0.0.00000000}.{93fabbd7-57a6-4f25-9bbd-51108e1493df})
00:00:20.611302 DSound: Input: GUID: {551BB10F-FAC5-4C38-9CFB-A3561BAF7011} [Microphone Array (Sound Blaster Recon3Di)] (Module: {0.0.1.00000000}.{551bb10f-fac5-4c38-9cfb-a3561baf7011})
00:00:20.611318 DSound: Input: GUID: {E4DE775B-7FC5-418B-94E3-0A83D206D802} [What U Hear (Sound Blaster Recon3Di)] (Module: {0.0.1.00000000}.{e4de775b-7fc5-418b-94e3-0a83d206d802})
00:00:20.611337 DSound: Creating capture buffer failed with ERROR_BAD_ENVIRONMENT 0x8878000A
00:00:20.612770 DSound: Output: GUID: {93FABBD7-57A6-4F25-9BBD-51108E1493DF} [Speakers (Sound Blaster Recon3Di)] (Module: {0.0.0.00000000}.{93fabbd7-57a6-4f25-9bbd-51108e1493df})
00:00:20.613130 DSound: Input: GUID: {551BB10F-FAC5-4C38-9CFB-A3561BAF7011} [Microphone Array (Sound Blaster Recon3Di)] (Module: {0.0.1.00000000}.{551bb10f-fac5-4c38-9cfb-a3561baf7011})
00:00:20.613142 DSound: Input: GUID: {E4DE775B-7FC5-418B-94E3-0A83D206D802} [What U Hear (Sound Blaster Recon3Di)] (Module: {0.0.1.00000000}.{e4de775b-7fc5-418b-94e3-0a83d206d802})
00:00:20.613162 DSound: Creating capture buffer failed with ERROR_BAD_ENVIRONMENT 0x8878000A
00:00:20.614021 DSound: Output: GUID: {93FABBD7-57A6-4F25-9BBD-51108E1493DF} [Speakers (Sound Blaster Recon3Di)] (Module: {0.0.0.00000000}.{93fabbd7-57a6-4f25-9bbd-51108e1493df})
00:00:20.614341 DSound: Input: GUID: {551BB10F-FAC5-4C38-9CFB-A3561BAF7011} [Microphone Array (Sound Blaster Recon3Di)] (Module: {0.0.1.00000000}.{551bb10f-fac5-4c38-9cfb-a3561baf7011})
00:00:20.614352 DSound: Input: GUID: {E4DE775B-7FC5-418B-94E3-0A83D206D802} [What U Hear (Sound Blaster Recon3Di)] (Module: {0.0.1.00000000}.{e4de775b-7fc5-418b-94e3-0a83d206d802})
00:00:20.614370 DSound: Creating capture buffer failed with ERROR_BAD_ENVIRONMENT 0x8878000A
00:00:20.615422 DSound: Output: GUID: {93FABBD7-57A6-4F25-9BBD-51108E1493DF} [Speakers (Sound Blaster Recon3Di)] (Module: {0.0.0.00000000}.{93fabbd7-57a6-4f25-9bbd-51108e1493df})
00:00:20.615733 DSound: Input: GUID: {551BB10F-FAC5-4C38-9CFB-A3561BAF7011} [Microphone Array (Sound Blaster Recon3Di)] (Module: {0.0.1.00000000}.{551bb10f-fac5-4c38-9cfb-a3561baf7011})
00:00:20.615745 DSound: Input: GUID: {E4DE775B-7FC5-418B-94E3-0A83D206D802} [What U Hear (Sound Blaster Recon3Di)] (Module: {0.0.1.00000000}.{e4de775b-7fc5-418b-94e3-0a83d206d802})
00:00:20.615762 DSound: Creating capture buffer failed with ERROR_BAD_ENVIRONMENT 0x8878000A
00:00:20.617304 DSound: Output: GUID: {93FABBD7-57A6-4F25-9BBD-51108E1493DF} [Speakers (Sound Blaster Recon3Di)] (Module: {0.0.0.00000000}.{93fabbd7-57a6-4f25-9bbd-51108e1493df})
00:00:20.617605 DSound: Input: GUID: {551BB10F-FAC5-4C38-9CFB-A3561BAF7011} [Microphone Array (Sound Blaster Recon3Di)] (Module: {0.0.1.00000000}.{551bb10f-fac5-4c38-9cfb-a3561baf7011})
00:00:20.617617 DSound: Input: GUID: {E4DE775B-7FC5-418B-94E3-0A83D206D802} [What U Hear (Sound Blaster Recon3Di)] (Module: {0.0.1.00000000}.{e4de775b-7fc5-418b-94e3-0a83d206d802})
00:00:20.617634 DSound: Creating capture buffer failed with ERROR_BAD_ENVIRONMENT 0x8878000A
00:00:20.618875 DSound: Output: GUID: {93FABBD7-57A6-4F25-9BBD-51108E1493DF} [Speakers (Sound Blaster Recon3Di)] (Module: {0.0.0.00000000}.{93fabbd7-57a6-4f25-9bbd-51108e1493df})
00:00:20.619169 DSound: Input: GUID: {551BB10F-FAC5-4C38-9CFB-A3561BAF7011} [Microphone Array (Sound Blaster Recon3Di)] (Module: {0.0.1.00000000}.{551bb10f-fac5-4c38-9cfb-a3561baf7011})
00:00:20.619181 DSound: Input: GUID: {E4DE775B-7FC5-418B-94E3-0A83D206D802} [What U Hear (Sound Blaster Recon3Di)] (Module: {0.0.1.00000000}.{e4de775b-7fc5-418b-94e3-0a83d206d802})
00:00:20.762464 VBVA: InfoScreen: [0] @0,0 800x600, line 0xc80, BPP 32, flags 0x1
00:00:20.762486 Display::handleDisplayResize: uScreenId=0 pvVRAM=000000000a950000 w=800 h=600 bpp=32 cbLine=0xC80 flags=0x1
00:00:20.762520 GUI: UIFrameBufferPrivate::NotifyChange: Screen=0, Origin=0x0, Size=800x600, Sending to async-handler
00:00:20.762657 GUI: UIMachineView::sltHandleNotifyChange: Screen=0, Size=800x600
00:00:20.762670 GUI: UIFrameBufferPrivate::handleNotifyChange: Size=800x600
00:00:20.762895 GUI: UIFrameBufferPrivate::performResize: Size=800x600, Directly using source bitmap content
00:00:21.121985 Display::handleDisplayResize: uScreenId=0 pvVRAM=000000000a950000 w=800 h=600 bpp=32 cbLine=0xC80 flags=0x0
00:00:21.122102 GUI: UIFrameBufferPrivate::NotifyChange: Screen=0, Origin=0x0, Size=800x600, Sending to async-handler
00:00:21.122287 GUI: UIMachineView::sltHandleNotifyChange: Screen=0, Size=800x600
00:00:21.122325 GUI: UIFrameBufferPrivate::handleNotifyChange: Size=800x600
00:00:21.122383 GUI: UIFrameBufferPrivate::performResize: Size=800x600, Directly using source bitmap content
00:00:27.891713 VBVA: InfoScreen: [0] @0,0 800x600, line 0xc80, BPP 32, flags 0x1
00:00:27.891777 Display::handleDisplayResize: uScreenId=0 pvVRAM=000000000a950000 w=800 h=600 bpp=32 cbLine=0xC80 flags=0x1
00:00:27.891869 GUI: UIFrameBufferPrivate::NotifyChange: Screen=0, Origin=0x0, Size=800x600, Sending to async-handler
00:00:27.892463 GUI: UIMachineView::sltHandleNotifyChange: Screen=0, Size=800x600
00:00:27.892501 GUI: UIFrameBufferPrivate::handleNotifyChange: Size=800x600
00:00:27.892563 GUI: UIFrameBufferPrivate::performResize: Size=800x600, Directly using source bitmap content
00:00:27.955476 VBVA: InfoScreen: [0] @0,0 800x600, line 0xc80, BPP 32, flags 0x1
00:00:27.955503 Display::handleDisplayResize: uScreenId=0 pvVRAM=000000000a950000 w=800 h=600 bpp=32 cbLine=0xC80 flags=0x1
00:00:27.955562 GUI: UIFrameBufferPrivate::NotifyChange: Screen=0, Origin=0x0, Size=800x600, Sending to async-handler
00:00:27.955858 GUI: UIMachineView::sltHandleNotifyChange: Screen=0, Size=800x600
00:00:27.955872 GUI: UIFrameBufferPrivate::handleNotifyChange: Size=800x600
00:00:27.955894 GUI: UIFrameBufferPrivate::performResize: Size=800x600, Directly using source bitmap content
00:00:31.820009 GUI: UISession::sltAdditionsChange: GA state really changed, notifying listeners.
00:00:31.820098 GUI: UIMachineViewNormal::adjustGuestScreenSize: Adjust guest-screen size if necessary.
00:00:31.820178 GUI: UIMachineView::sltPerformGuestResize: Sending guest size-hint to screen 0 as 1920x950 if necessary
00:00:31.820270 VMMDev: SetVideoModeHint: Got a video mode hint (1920x950x32)@(0x0),(1;0) at 0
00:00:31.820304 GUI: UISession::sltAdditionsChange: GA state change event came, notifying listeners.
00:00:31.820326 GUI: UIMachineLogicNormal::sltCheckForRequestedVisualStateType: Requested-state=0, Machine-state=5
00:00:31.884409 VBVA: InfoScreen: [0] @0,0 1920x950, line 0x1e00, BPP 32, flags 0x1
00:00:31.884464 Display::handleDisplayResize: uScreenId=0 pvVRAM=000000000a950000 w=1920 h=950 bpp=32 cbLine=0x1E00 flags=0x1
00:00:31.884553 GUI: UIFrameBufferPrivate::NotifyChange: Screen=0, Origin=0x0, Size=1920x950, Sending to async-handler
00:00:31.884705 GUI: UIMachineView::sltHandleNotifyChange: Screen=0, Size=1920x950
00:00:31.884745 GUI: UIFrameBufferPrivate::handleNotifyChange: Size=1920x950
00:00:31.884802 GUI: UIFrameBufferPrivate::performResize: Size=1920x950, Directly using source bitmap content
00:00:31.887409 GUI: UIMachineView::storeGuestSizeHint: Storing guest-screen size-hint for screen 0 as 1920x950
00:00:31.900829 Display::handleDisplayResize: uScreenId=0 pvVRAM=000000000a950000 w=1920 h=950 bpp=32 cbLine=0x1E00 flags=0x0
00:00:31.900963 GUI: UIFrameBufferPrivate::NotifyChange: Screen=0, Origin=0x0, Size=1920x950, Sending to async-handler
00:00:31.907086 GUI: UIMachineView::sltHandleNotifyChange: Screen=0, Size=1920x950
00:00:31.907136 GUI: UIFrameBufferPrivate::handleNotifyChange: Size=1920x950
00:00:31.907190 GUI: UIFrameBufferPrivate::performResize: Size=1920x950, Directly using source bitmap content
00:00:31.907395 GUI: UIMachineView::storeGuestSizeHint: Storing guest-screen size-hint for screen 0 as 1920x950
00:00:41.574875 DSound: Output: GUID: {93FABBD7-57A6-4F25-9BBD-51108E1493DF} [Speakers (Sound Blaster Recon3Di)] (Module: {0.0.0.00000000}.{93fabbd7-57a6-4f25-9bbd-51108e1493df})
00:00:41.575817 DSound: Input: GUID: {551BB10F-FAC5-4C38-9CFB-A3561BAF7011} [Microphone Array (Sound Blaster Recon3Di)] (Module: {0.0.1.00000000}.{551bb10f-fac5-4c38-9cfb-a3561baf7011})
00:00:41.575968 DSound: Input: GUID: {E4DE775B-7FC5-418B-94E3-0A83D206D802} [What U Hear (Sound Blaster Recon3Di)] (Module: {0.0.1.00000000}.{e4de775b-7fc5-418b-94e3-0a83d206d802})
00:00:41.989309 DSound: Output: GUID: {93FABBD7-57A6-4F25-9BBD-51108E1493DF} [Speakers (Sound Blaster Recon3Di)] (Module: {0.0.0.00000000}.{93fabbd7-57a6-4f25-9bbd-51108e1493df})
00:00:41.989601 DSound: Input: GUID: {551BB10F-FAC5-4C38-9CFB-A3561BAF7011} [Microphone Array (Sound Blaster Recon3Di)] (Module: {0.0.1.00000000}.{551bb10f-fac5-4c38-9cfb-a3561baf7011})
00:00:41.989612 DSound: Input: GUID: {E4DE775B-7FC5-418B-94E3-0A83D206D802} [What U Hear (Sound Blaster Recon3Di)] (Module: {0.0.1.00000000}.{e4de775b-7fc5-418b-94e3-0a83d206d802})
01:05:19.815168 Pausing VM execution, reason 'host suspend'
01:05:19.815257 Changing the VM state from 'RUNNING' to 'SUSPENDING'
01:05:20.151043 AIOMgr: Endpoint for file 'D:\Users\kwnstantinos\VirtualBox VMs\Ldap2Server.vdi' (flags 000c0781) created successfully
01:05:20.204544 PDMR3Suspend: 389 270 433 ns run time
01:05:20.204558 Changing the VM state from 'SUSPENDING' to 'SUSPENDED'
01:05:20.204571 Console: Machine state changed to 'Paused'
01:28:59.292289 Resuming VM execution, reason 'host resume'
01:28:59.293906 Changing the VM state from 'SUSPENDED' to 'RESUMING'
01:28:59.299994 AIOMgr: Endpoint for file 'D:\Users\kwnstantinos\VirtualBox VMs\Ldap2Server.vdi' (flags 000c0723) created successfully
01:29:01.942416 Changing the VM state from 'RESUMING' to 'RUNNING'
01:29:01.942443 Console: Machine state changed to 'Running'
01:30:06.179381 AIOMgr: Async flushes not supported
03:05:53.481910 Pausing VM execution, reason 'host suspend'
03:05:53.482001 Changing the VM state from 'RUNNING' to 'SUSPENDING'
03:05:53.571151 AIOMgr: Endpoint for file 'D:\Users\kwnstantinos\VirtualBox VMs\Ldap2Server.vdi' (flags 000c0781) created successfully
03:05:53.652086 PDMR3Suspend: 170 064 548 ns run time
03:05:53.652107 Changing the VM state from 'SUSPENDING' to 'SUSPENDED'
03:05:53.652123 Console: Machine state changed to 'Paused'
05:27:47.441890 Resuming VM execution, reason 'host resume'
05:27:47.441946 Changing the VM state from 'SUSPENDED' to 'RESUMING'
05:27:47.442628 AIOMgr: Endpoint for file 'D:\Users\kwnstantinos\VirtualBox VMs\Ldap2Server.vdi' (flags 000c0723) created successfully
05:27:49.912232 Changing the VM state from 'RESUMING' to 'RUNNING'
05:27:49.912257 Console: Machine state changed to 'Running'
05:27:50.439648 AIOMgr: Async flushes not supported
05:36:17.933208 Pausing VM execution, reason 'host suspend'
05:36:17.933253 Changing the VM state from 'RUNNING' to 'SUSPENDING'
05:36:18.645611 AIOMgr: Endpoint for file 'D:\Users\kwnstantinos\VirtualBox VMs\Ldap2Server.vdi' (flags 000c0781) created successfully
05:36:18.690110 PDMR3Suspend: 756 844 539 ns run time
05:36:18.690136 Changing the VM state from 'SUSPENDING' to 'SUSPENDED'
05:36:18.690149 Console: Machine state changed to 'Paused'
05:40:50.362646 Resuming VM execution, reason 'host resume'
05:40:50.363490 Changing the VM state from 'SUSPENDED' to 'RESUMING'
05:40:50.364176 AIOMgr: Endpoint for file 'D:\Users\kwnstantinos\VirtualBox VMs\Ldap2Server.vdi' (flags 000c0723) created successfully
05:40:52.894906 Changing the VM state from 'RESUMING' to 'RUNNING'
05:40:52.894944 Console: Machine state changed to 'Running'
05:41:05.912250 AIOMgr: Async flushes not supported
05:41:45.076585 DSound: Output: GUID: {93FABBD7-57A6-4F25-9BBD-51108E1493DF} [Speakers (Sound Blaster Recon3Di)] (Module: {0.0.0.00000000}.{93fabbd7-57a6-4f25-9bbd-51108e1493df})
05:41:45.076855 DSound: Input: GUID: {551BB10F-FAC5-4C38-9CFB-A3561BAF7011} [Microphone Array (Sound Blaster Recon3Di)] (Module: {0.0.1.00000000}.{551bb10f-fac5-4c38-9cfb-a3561baf7011})
05:41:45.076866 DSound: Input: GUID: {E4DE775B-7FC5-418B-94E3-0A83D206D802} [What U Hear (Sound Blaster Recon3Di)] (Module: {0.0.1.00000000}.{e4de775b-7fc5-418b-94e3-0a83d206d802})
